{"numTotalTestSuites":739,"numPassedTestSuites":732,"numFailedTestSuites":7,"numPendingTestSuites":0,"numTotalTests":1379,"numPassedTests":1362,"numFailedTests":4,"numPendingTests":13,"numTodoTests":0,"snapshot":{"added":0,"failure":false,"filesAdded":0,"filesRemoved":0,"filesRemovedList":[],"filesUnmatched":0,"filesUpdated":0,"matched":0,"total":0,"unchecked":0,"uncheckedKeysByFile":[],"unmatched":0,"updated":0,"didUpdate":false},"startTime":1769562359426,"success":false,"testResults":[{"assertionResults":[{"ancestorTitles":["Barrel file coverage"],"fullName":"Barrel file coverage should cover constants barrel","status":"passed","title":"should cover constants barrel","duration":0.9728750000000446,"failureMessages":[],"meta":{}},{"ancestorTitles":["Barrel file coverage"],"fullName":"Barrel file coverage should cover utils barrel","status":"passed","title":"should cover utils barrel","duration":0.5492090000000189,"failureMessages":[],"meta":{}},{"ancestorTitles":["Barrel file coverage"],"fullName":"Barrel file coverage should cover dataService barrel","status":"passed","title":"should cover dataService barrel","duration":0.36458299999992505,"failureMessages":[],"meta":{}},{"ancestorTitles":["Barrel file coverage"],"fullName":"Barrel file coverage should cover integrations barrels","status":"passed","title":"should cover integrations barrels","duration":0.4359580000000278,"failureMessages":[],"meta":{}},{"ancestorTitles":["Barrel file coverage"],"fullName":"Barrel file coverage should export types","status":"passed","title":"should export types","duration":0.15887499999996635,"failureMessages":[],"meta":{}}],"startTime":1769562374693,"endTime":1769562374696.159,"status":"passed","message":"","name":"/Users/danielopazodamiani/Downloads/HHR-entornoprueba enero 2026/src/tests/barrelCoverage.test.ts"},{"assertionResults":[{"ancestorTitles":["Auth Role Permissions","UserRole type"],"fullName":"Auth Role Permissions UserRole type should include nurse_hospital as a valid role","status":"passed","title":"should include nurse_hospital as a valid role","duration":1.2367499999999154,"failureMessages":[],"meta":{}},{"ancestorTitles":["Auth Role Permissions","UserRole type"],"fullName":"Auth Role Permissions UserRole type should include all passport-compatible roles","status":"passed","title":"should include all passport-compatible roles","duration":0.9235840000000053,"failureMessages":[],"meta":{}},{"ancestorTitles":["Auth Role Permissions","Editor role detection"],"fullName":"Auth Role Permissions Editor role detection should treat admin as editor","status":"passed","title":"should treat admin as editor","duration":0.26400000000001,"failureMessages":[],"meta":{}},{"ancestorTitles":["Auth Role Permissions","Editor role detection"],"fullName":"Auth Role Permissions Editor role detection should treat editor as editor","status":"passed","title":"should treat editor as editor","duration":0.4166660000000775,"failureMessages":[],"meta":{}},{"ancestorTitles":["Auth Role Permissions","Editor role detection"],"fullName":"Auth Role Permissions Editor role detection should treat nurse_hospital as editor","status":"passed","title":"should treat nurse_hospital as editor","duration":0.14587500000004638,"failureMessages":[],"meta":{}},{"ancestorTitles":["Auth Role Permissions","Editor role detection"],"fullName":"Auth Role Permissions Editor role detection should NOT treat viewer as editor","status":"passed","title":"should NOT treat viewer as editor","duration":0.10258399999997891,"failureMessages":[],"meta":{}},{"ancestorTitles":["Auth Role Permissions","Editor role detection"],"fullName":"Auth Role Permissions Editor role detection should NOT treat doctor_urgency as editor","status":"passed","title":"should NOT treat doctor_urgency as editor","duration":0.07312500000000455,"failureMessages":[],"meta":{}},{"ancestorTitles":["Auth Role Permissions","Editor role detection"],"fullName":"Auth Role Permissions Editor role detection should NOT treat viewer_census as editor","status":"passed","title":"should NOT treat viewer_census as editor","duration":0.07283400000005713,"failureMessages":[],"meta":{}},{"ancestorTitles":["Anonymous User Detection"],"fullName":"Anonymous User Detection should identify anonymous user by null email","status":"passed","title":"should identify anonymous user by null email","duration":0.28262499999993906,"failureMessages":[],"meta":{}},{"ancestorTitles":["Anonymous User Detection"],"fullName":"Anonymous User Detection should preserve passport user data over anonymous Firebase user","status":"passed","title":"should preserve passport user data over anonymous Firebase user","duration":0.13370799999995597,"failureMessages":[],"meta":{}},{"ancestorTitles":["Passport User LocalStorage"],"fullName":"Passport User LocalStorage should store passport user in localStorage","status":"passed","title":"should store passport user in localStorage","duration":0.21104200000002038,"failureMessages":[],"meta":{}},{"ancestorTitles":["Passport User LocalStorage"],"fullName":"Passport User LocalStorage should retrieve passport user from localStorage","status":"passed","title":"should retrieve passport user from localStorage","duration":0.06683299999997416,"failureMessages":[],"meta":{}},{"ancestorTitles":["Passport User LocalStorage"],"fullName":"Passport User LocalStorage should not overwrite passport user when Firebase returns anonymous auth","status":"passed","title":"should not overwrite passport user when Firebase returns anonymous auth","duration":0.23929199999997763,"failureMessages":[],"meta":{}}],"startTime":1769562374551,"endTime":1769562374556.2393,"status":"passed","message":"","name":"/Users/danielopazodamiani/Downloads/HHR-entornoprueba enero 2026/src/tests/auth/passportAuth.test.ts"},{"assertionResults":[{"ancestorTitles":["BaseModal z-index behavior"],"fullName":"BaseModal z-index behavior should have a z-index higher than Navbar (z-50)","status":"passed","title":"should have a z-index higher than Navbar (z-50)","duration":32.92908299999999,"failureMessages":[],"meta":{}},{"ancestorTitles":["BaseModal z-index behavior"],"fullName":"BaseModal z-index behavior should render with fixed positioning and cover the entire viewport","status":"passed","title":"should render with fixed positioning and cover the entire viewport","duration":11.380083000000013,"failureMessages":[],"meta":{}},{"ancestorTitles":["BaseModal z-index behavior"],"fullName":"BaseModal z-index behavior should not render when isOpen is false","status":"passed","title":"should not render when isOpen is false","duration":2.112041999999974,"failureMessages":[],"meta":{}},{"ancestorTitles":["BaseModal z-index behavior"],"fullName":"BaseModal z-index behavior should have backdrop blur effect","status":"passed","title":"should have backdrop blur effect","duration":11.64608300000009,"failureMessages":[],"meta":{}}],"startTime":1769562366321,"endTime":1769562366379.646,"status":"passed","message":"","name":"/Users/danielopazodamiani/Downloads/HHR-entornoprueba enero 2026/src/tests/components/BaseModal.test.tsx"},{"assertionResults":[{"ancestorTitles":["DemoModeBadge"],"fullName":"DemoModeBadge renders nothing when demo mode is inactive","status":"passed","title":"renders nothing when demo mode is inactive","duration":8.305334000000016,"failureMessages":[],"meta":{}},{"ancestorTitles":["DemoModeBadge"],"fullName":"DemoModeBadge renders badge when demo mode is active","status":"passed","title":"renders badge when demo mode is active","duration":23.29083300000002,"failureMessages":[],"meta":{}},{"ancestorTitles":["DemoModeBadge"],"fullName":"DemoModeBadge has correct styling when visible","status":"passed","title":"has correct styling when visible","duration":5.617542000000071,"failureMessages":[],"meta":{}}],"startTime":1769562369069,"endTime":1769562369106.6174,"status":"passed","message":"","name":"/Users/danielopazodamiani/Downloads/HHR-entornoprueba enero 2026/src/tests/components/DemoModeBadge.test.tsx"},{"assertionResults":[{"ancestorTitles":["DeviceMenu Logic","Device State"],"fullName":"DeviceMenu Logic Device State should have all device options","status":"passed","title":"should have all device options","duration":1.7798340000000508,"failureMessages":[],"meta":{}},{"ancestorTitles":["DeviceMenu Logic","Device State"],"fullName":"DeviceMenu Logic Device State should count 0 active devices when none enabled","status":"passed","title":"should count 0 active devices when none enabled","duration":0.4015839999999571,"failureMessages":[],"meta":{}},{"ancestorTitles":["DeviceMenu Logic","Device State"],"fullName":"DeviceMenu Logic Device State should count active devices correctly","status":"passed","title":"should count active devices correctly","duration":0.24099999999998545,"failureMessages":[],"meta":{}},{"ancestorTitles":["DeviceMenu Logic","Device State"],"fullName":"DeviceMenu Logic Device State should toggle device state","status":"passed","title":"should toggle device state","duration":0.2811669999999822,"failureMessages":[],"meta":{}},{"ancestorTitles":["DeviceMenu Logic","Device Labels"],"fullName":"DeviceMenu Logic Device Labels should have labels for all device types","status":"passed","title":"should have labels for all device types","duration":0.1688330000000633,"failureMessages":[],"meta":{}},{"ancestorTitles":["DeviceMenu Logic","Device Labels"],"fullName":"DeviceMenu Logic Device Labels should have Spanish labels","status":"passed","title":"should have Spanish labels","duration":0.09466699999995853,"failureMessages":[],"meta":{}},{"ancestorTitles":["DeviceMenu Logic","Device Icons"],"fullName":"DeviceMenu Logic Device Icons should map device types to icon names","status":"passed","title":"should map device types to icon names","duration":0.04099999999993997,"failureMessages":[],"meta":{}}],"startTime":1769562372180,"endTime":1769562372183.169,"status":"passed","message":"","name":"/Users/danielopazodamiani/Downloads/HHR-entornoprueba enero 2026/src/tests/components/DeviceMenu.test.tsx"},{"assertionResults":[{"ancestorTitles":["DeviceSelector","when disabled (readOnly mode)"],"fullName":"DeviceSelector when disabled (readOnly mode) should render device badges when disabled with devices","status":"passed","title":"should render device badges when disabled with devices","duration":56.46104099999991,"failureMessages":[],"meta":{}},{"ancestorTitles":["DeviceSelector","when disabled (readOnly mode)"],"fullName":"DeviceSelector when disabled (readOnly mode) should render placeholder when disabled with no devices","status":"passed","title":"should render placeholder when disabled with no devices","duration":10.423374999999965,"failureMessages":[],"meta":{}},{"ancestorTitles":["DeviceSelector","when disabled (readOnly mode)"],"fullName":"DeviceSelector when disabled (readOnly mode) should not be clickable when disabled","status":"passed","title":"should not be clickable when disabled","duration":3.2668750000000273,"failureMessages":[],"meta":{}},{"ancestorTitles":["DeviceSelector","when enabled (edit mode)"],"fullName":"DeviceSelector when enabled (edit mode) should render clickable container with devices","status":"passed","title":"should render clickable container with devices","duration":7.519542000000001,"failureMessages":[],"meta":{}},{"ancestorTitles":["DeviceSelector","when enabled (edit mode)"],"fullName":"DeviceSelector when enabled (edit mode) should render plus icon when no devices","status":"passed","title":"should render plus icon when no devices","duration":4.838457999999946,"failureMessages":[],"meta":{}}],"startTime":1769562365241,"endTime":1769562365323.8384,"status":"passed","message":"","name":"/Users/danielopazodamiani/Downloads/HHR-entornoprueba enero 2026/src/tests/components/DeviceSelector.test.tsx"},{"assertionResults":[{"ancestorTitles":["NavbarMenu"],"fullName":"NavbarMenu renders brand logo and name","status":"passed","title":"renders brand logo and name","duration":21.021292000000017,"failureMessages":[],"meta":{}},{"ancestorTitles":["NavbarMenu"],"fullName":"NavbarMenu calls onToggle when brand button is clicked","status":"passed","title":"calls onToggle when brand button is clicked","duration":106.61170800000002,"failureMessages":[],"meta":{}},{"ancestorTitles":["NavbarMenu"],"fullName":"NavbarMenu shows admin-only items for admin users","status":"passed","title":"shows admin-only items for admin users","duration":7.009042000000022,"failureMessages":[],"meta":{}},{"ancestorTitles":["NavbarMenu"],"fullName":"NavbarMenu hides admin items for non-admin users","status":"passed","title":"hides admin items for non-admin users","duration":1.835042000000044,"failureMessages":[],"meta":{}},{"ancestorTitles":["NavbarMenu"],"fullName":"NavbarMenu calls onClose when backdrop is clicked","status":"passed","title":"calls onClose when backdrop is clicked","duration":9.040374999999926,"failureMessages":[],"meta":{}},{"ancestorTitles":["NavbarMenu"],"fullName":"NavbarMenu shows System Diagnostics (Monitor de Errores) for admin users","status":"passed","title":"shows System Diagnostics (Monitor de Errores) for admin users","duration":3.046375000000012,"failureMessages":[],"meta":{}}],"startTime":1769562362096,"endTime":1769562362244.0464,"status":"passed","message":"","name":"/Users/danielopazodamiani/Downloads/HHR-entornoprueba enero 2026/src/tests/components/NavbarMenu.test.tsx"},{"assertionResults":[{"ancestorTitles":["NavbarTabs"],"fullName":"NavbarTabs renders visible main tabs","status":"passed","title":"renders visible main tabs","duration":44.29866700000002,"failureMessages":[],"meta":{}},{"ancestorTitles":["NavbarTabs"],"fullName":"NavbarTabs shows utility modules in dropdown","status":"passed","title":"shows utility modules in dropdown","duration":17.405083000000104,"failureMessages":[],"meta":{}},{"ancestorTitles":["NavbarTabs"],"fullName":"NavbarTabs does not render hidden tabs","status":"passed","title":"does not render hidden tabs","duration":2.0006670000000213,"failureMessages":[],"meta":{}},{"ancestorTitles":["NavbarTabs"],"fullName":"NavbarTabs calls onModuleChange when tab is clicked","status":"passed","title":"calls onModuleChange when tab is clicked","duration":29.542125000000055,"failureMessages":[],"meta":{}},{"ancestorTitles":["NavbarTabs"],"fullName":"NavbarTabs applies active style to current module","status":"passed","title":"applies active style to current module","duration":2.589541000000054,"failureMessages":[],"meta":{}},{"ancestorTitles":["NavbarTabs"],"fullName":"NavbarTabs renders CENSUS tab correctly","status":"passed","title":"renders CENSUS tab correctly","duration":2.8817920000000186,"failureMessages":[],"meta":{}},{"ancestorTitles":["NavbarTabs"],"fullName":"NavbarTabs renders NURSING_HANDOFF tab correctly","status":"passed","title":"renders NURSING_HANDOFF tab correctly","duration":2.186417000000006,"failureMessages":[],"meta":{}},{"ancestorTitles":["NavbarTabs"],"fullName":"NavbarTabs renders MEDICAL_HANDOFF tab correctly","status":"passed","title":"renders MEDICAL_HANDOFF tab correctly","duration":2.3506250000000364,"failureMessages":[],"meta":{}}],"startTime":1769562363252,"endTime":1769562363355.3506,"status":"passed","message":"","name":"/Users/danielopazodamiani/Downloads/HHR-entornoprueba enero 2026/src/tests/components/NavbarTabs.test.tsx"},{"assertionResults":[{"ancestorTitles":["PatientRow Component"],"fullName":"PatientRow Component renders patient name and bed name correctly","status":"passed","title":"renders patient name and bed name correctly","duration":49.78258400000004,"failureMessages":[],"meta":{}},{"ancestorTitles":["PatientRow Component"],"fullName":"PatientRow Component toggles UPC status when clicked","status":"passed","title":"toggles UPC status when clicked","duration":11.323374999999942,"failureMessages":[],"meta":{}},{"ancestorTitles":["PatientRow Component"],"fullName":"PatientRow Component calls updatePatient when status changes","status":"passed","title":"calls updatePatient when status changes","duration":8.479832999999871,"failureMessages":[],"meta":{}},{"ancestorTitles":["PatientRow Component","Crib and Bed Mode Management"],"fullName":"PatientRow Component Crib and Bed Mode Management toggles bed mode when config button is clicked","status":"passed","title":"toggles bed mode when config button is clicked","duration":11.481291000000056,"failureMessages":[],"meta":{}},{"ancestorTitles":["PatientRow Component","Crib and Bed Mode Management"],"fullName":"PatientRow Component Crib and Bed Mode Management toggles companion crib when RN Sano button is clicked","status":"passed","title":"toggles companion crib when RN Sano button is clicked","duration":9.355999999999995,"failureMessages":[],"meta":{}},{"ancestorTitles":["PatientRow Component","Crib and Bed Mode Management"],"fullName":"PatientRow Component Crib and Bed Mode Management toggles clinical crib when Cuna Clínica button is clicked","status":"passed","title":"toggles clinical crib when Cuna Clínica button is clicked","duration":8.148290999999972,"failureMessages":[],"meta":{}},{"ancestorTitles":["PatientRow Component","Blocked Bed View"],"fullName":"PatientRow Component Blocked Bed View renders blocked message and reason instead of inputs","status":"passed","title":"renders blocked message and reason instead of inputs","duration":4.39083299999993,"failureMessages":[],"meta":{}},{"ancestorTitles":["PatientRow Component","Demographics Modal"],"fullName":"PatientRow Component Demographics Modal opens demographics modal and saves changes","status":"passed","title":"opens demographics modal and saves changes","duration":31.88154200000008,"failureMessages":[],"meta":{}},{"ancestorTitles":["PatientRow Component","Action Menu"],"fullName":"PatientRow Component Action Menu calls onAction when copy, move, discharge, or transfer is clicked","status":"passed","title":"calls onAction when copy, move, discharge, or transfer is clicked","duration":29.280583000000206,"failureMessages":[],"meta":{}},{"ancestorTitles":["PatientRow Component","Action Menu"],"fullName":"PatientRow Component Action Menu closes menu when clicking background overlay","status":"passed","title":"closes menu when clicking background overlay","duration":12.75954200000001,"failureMessages":[],"meta":{}},{"ancestorTitles":["PatientRow Component","Admission Time and Input Logic"],"fullName":"PatientRow Component Admission Time and Input Logic shows admission time input when admission date is focused","status":"passed","title":"shows admission time input when admission date is focused","duration":7.939374999999927,"failureMessages":[],"meta":{}},{"ancestorTitles":["PatientRow Component","Admission Time and Input Logic"],"fullName":"PatientRow Component Admission Time and Input Logic triggers updatePatient on debounced name change","status":"passed","title":"triggers updatePatient on debounced name change","duration":9.782375000000002,"failureMessages":[],"meta":{}},{"ancestorTitles":["PatientRow Component","Clinical Crib Management - Edge Cases"],"fullName":"PatientRow Component Clinical Crib Management - Edge Cases removes clinical crib if it already exists","status":"passed","title":"removes clinical crib if it already exists","duration":8.615415999999868,"failureMessages":[],"meta":{}},{"ancestorTitles":["PatientRow Component","Clinical Crib Management - Edge Cases"],"fullName":"PatientRow Component Clinical Crib Management - Edge Cases does not allow companion crib if in Cuna mode","status":"passed","title":"does not allow companion crib if in Cuna mode","duration":8.33966600000008,"failureMessages":[],"meta":{}},{"ancestorTitles":["PatientRow Component","Clinical Crib Sub-row"],"fullName":"PatientRow Component Clinical Crib Sub-row renders sub-row when clinicalCrib exists","status":"failed","title":"renders sub-row when clinicalCrib exists","duration":10.082125000000133,"failureMessages":["TestingLibraryElementError: Unable to find an element with the text: CUNA, which matches selector 'span'. This could be because the text is broken up by multiple elements. In this case, you can provide a function for your text matcher to make your matcher more flexible.\n\nIgnored nodes: comments, script, style\n\u001b[36m<body\u001b[39m\n  \u001b[33mstyle\u001b[39m=\u001b[32m\"\"\u001b[39m\n\u001b[36m>\u001b[39m\n  \u001b[36m<div>\u001b[39m\n    \u001b[36m<table>\u001b[39m\n      \u001b[36m<tbody>\u001b[39m\n        \u001b[36m<tr\u001b[39m\n          \u001b[33mclass\u001b[39m=\u001b[32m\"group/row relative border-b border-slate-100 transition-all duration-200 ease-in-out hover:bg-slate-50 hover:shadow-sm hover:z-10 bg-white text-[12px] leading-tight\"\u001b[39m\n        \u001b[36m>\u001b[39m\n          \u001b[36m<td\u001b[39m\n            \u001b[33mclass\u001b[39m=\u001b[32m\"p-0 text-center border-r border-slate-200 relative w-10 print:hidden\"\u001b[39m\n          \u001b[36m>\u001b[39m\n            \u001b[36m<div\u001b[39m\n              \u001b[33mclass\u001b[39m=\u001b[32m\"flex flex-col items-center gap-1 relative\"\u001b[39m\n            \u001b[36m>\u001b[39m\n              \u001b[36m<div\u001b[39m\n                \u001b[33mclass\u001b[39m=\u001b[32m\"flex items-center gap-0.5\"\u001b[39m\n              \u001b[36m>\u001b[39m\n                \u001b[36m<button\u001b[39m\n                  \u001b[33mclass\u001b[39m=\u001b[32m\"p-1 rounded-full text-medical-500 hover:text-medical-700 hover:bg-medical-50 transition-colors\"\u001b[39m\n                  \u001b[33mtitle\u001b[39m=\u001b[32m\"Datos del Paciente\"\u001b[39m\n                \u001b[36m>\u001b[39m\n                  \u001b[36m<svg\u001b[39m\n                    \u001b[33maria-hidden\u001b[39m=\u001b[32m\"true\"\u001b[39m\n                    \u001b[33mclass\u001b[39m=\u001b[32m\"lucide lucide-user\"\u001b[39m\n                    \u001b[33mfill\u001b[39m=\u001b[32m\"none\"\u001b[39m\n                    \u001b[33mheight\u001b[39m=\u001b[32m\"16\"\u001b[39m\n                    \u001b[33mstroke\u001b[39m=\u001b[32m\"currentColor\"\u001b[39m\n                    \u001b[33mstroke-linecap\u001b[39m=\u001b[32m\"round\"\u001b[39m\n                    \u001b[33mstroke-linejoin\u001b[39m=\u001b[32m\"round\"\u001b[39m\n                    \u001b[33mstroke-width\u001b[39m=\u001b[32m\"2\"\u001b[39m\n                    \u001b[33mviewBox\u001b[39m=\u001b[32m\"0 0 24 24\"\u001b[39m\n                    \u001b[33mwidth\u001b[39m=\u001b[32m\"16\"\u001b[39m\n                    \u001b[33mxmlns\u001b[39m=\u001b[32m\"http://www.w3.org/2000/svg\"\u001b[39m\n                  \u001b[36m>\u001b[39m\n                    \u001b[36m<path\u001b[39m\n                      \u001b[33md\u001b[39m=\u001b[32m\"M19 21v-2a4 4 0 0 0-4-4H9a4 4 0 0 0-4 4v2\"\u001b[39m\n                    \u001b[36m/>\u001b[39m\n                    \u001b[36m<circle\u001b[39m\n                      \u001b[33mcx\u001b[39m=\u001b[32m\"12\"\u001b[39m\n                      \u001b[33mcy\u001b[39m=\u001b[32m\"7\"\u001b[39m\n                      \u001b[33mr\u001b[39m=\u001b[32m\"4\"\u001b[39m\n                    \u001b[36m/>\u001b[39m\n                  \u001b[36m</svg>\u001b[39m\n                \u001b[36m</button>\u001b[39m\n              \u001b[36m</div>\u001b[39m\n              \u001b[36m<button\u001b[39m\n                \u001b[33mclass\u001b[39m=\u001b[32m\"p-1.5 rounded-full hover:bg-slate-200 text-slate-500 transition-colors\"\u001b[39m\n                \u001b[33mtitle\u001b[39m=\u001b[32m\"Acciones\"\u001b[39m\n              \u001b[36m>\u001b[39m\n                \u001b[36m<svg\u001b[39m\n                  \u001b[33maria-hidden\u001b[39m=\u001b[32m\"true\"\u001b[39m\n                  \u001b[33mclass\u001b[39m=\u001b[32m\"lucide lucide-ellipsis\"\u001b[39m\n                  \u001b[33mfill\u001b[39m=\u001b[32m\"none\"\u001b[39m\n                  \u001b[33mheight\u001b[39m=\u001b[32m\"16\"\u001b[39m\n                  \u001b[33mstroke\u001b[39m=\u001b[32m\"currentColor\"\u001b[39m\n                  \u001b[33mstroke-linecap\u001b[39m=\u001b[32m\"round\"\u001b[39m\n                  \u001b[33mstroke-linejoin\u001b[39m=\u001b[32m\"round\"\u001b[39m\n                  \u001b[33mstroke-width\u001b[39m=\u001b[32m\"2\"\u001b[39m\n                  \u001b[33mviewBox\u001b[39m=\u001b[32m\"0 0 24 24\"\u001b[39m\n                  \u001b[33mwidth\u001b[39m=\u001b[32m\"16\"\u001b[39m\n                  \u001b[33mxmlns\u001b[39m=\u001b[32m\"http://www.w3.org/2000/svg\"\u001b[39m\n                \u001b[36m>\u001b[39m\n                  \u001b[36m<circle\u001b[39m\n                    \u001b[33mcx\u001b[39m=\u001b[32m\"12\"\u001b[39m\n                    \u001b[33mcy\u001b[39m=\u001b[32m\"12\"\u001b[39m\n                    \u001b[33mr\u001b[39m=\u001b[32m\"1\"\u001b[39m\n                  \u001b[36m/>\u001b[39m\n                  \u001b[36m<circle\u001b[39m\n                    \u001b[33mcx\u001b[39m=\u001b[32m\"19\"\u001b[39m\n                    \u001b[33mcy\u001b[39m=\u001b[32m\"12\"\u001b[39m\n                    \u001b[33mr\u001b[39m=\u001b[32m\"1\"\u001b[39m\n                  \u001b[36m/>\u001b[39m\n                  \u001b[36m<circle\u001b[39m\n                    \u001b[33mcx\u001b[39m=\u001b[32m\"5\"\u001b[39m\n                    \u001b[33mcy\u001b[39m=\u001b[32m\"12\"\u001b[39m\n                    \u001b[33mr\u001b[39m=\u001b[32m\"1\"\u001b[39m\n                  \u001b[36m/>\u001b[39m\n                \u001b[36m</svg>\u001b[39m\n              \u001b[36m</button>\u001b[39m\n            \u001b[36m</div>\u001b[39m\n          \u001b[36m</td>\u001b[39m\n          \u001b[36m<td\u001b[39m\n            \u001b[33mclass\u001b[39m=\u001b[32m\"p-[2px] border-r border-slate-200 text-center w-24 relative\"\u001b[39m\n          \u001b[36m>\u001b[39m\n            \u001b[36m<div\u001b[39m\n              \u001b[33mclass\u001b[39m=\u001b[32m\"flex flex-col items-center gap-0.5\"\u001b[39m\n            \u001b[36m>\u001b[39m\n              \u001b[36m<div\u001b[39m\n                \u001b[33mclass\u001b[39m=\u001b[32m\"font-display font-bold text-lg text-slate-800 flex items-center gap-1.5 leading-none tracking-tight\"\u001b[39m\n              \u001b[36m>\u001b[39m\n                \u001b[0mR1\u001b[0m\n              \u001b[36m</div>\u001b[39m\n              \u001b[36m<div\u001b[39m\n                \u001b[33mclass\u001b[39m=\u001b[32m\"flex items-center gap-0.5 text-slate-500\"\u001b[39m\n                \u001b[33mtitle\u001b[39m=\u001b[32m\"0 días hospitalizado\"\u001b[39m\n              \u001b[36m>\u001b[39m\n                \u001b[36m<svg\u001b[39m\n                  \u001b[33maria-hidden\u001b[39m=\u001b[32m\"true\"\u001b[39m\n                  \u001b[33mclass\u001b[39m=\u001b[32m\"lucide lucide-clock text-slate-400\"\u001b[39m\n                  \u001b[33mfill\u001b[39m=\u001b[32m\"none\"\u001b[39m\n                  \u001b[33mheight\u001b[39m=\u001b[32m\"10\"\u001b[39m\n                  \u001b[33mstroke\u001b[39m=\u001b[32m\"currentColor\"\u001b[39m\n                  \u001b[33mstroke-linecap\u001b[39m=\u001b[32m\"round\"\u001b[39m\n                  \u001b[33mstroke-linejoin\u001b[39m=\u001b[32m\"round\"\u001b[39m\n                  \u001b[33mstroke-width\u001b[39m=\u001b[32m\"2\"\u001b[39m\n                  \u001b[33mviewBox\u001b[39m=\u001b[32m\"0 0 24 24\"\u001b[39m\n                  \u001b[33mwidth\u001b[39m=\u001b[32m\"10\"\u001b[39m\n                  \u001b[33mxmlns\u001b[39m=\u001b[32m\"http://www.w3.org/2000/svg\"\u001b[39m\n                \u001b[36m>\u001b[39m\n                  \u001b[36m<path\u001b[39m\n                    \u001b[33md\u001b[39m=\u001b[32m\"M12 6v6l4 2\"\u001b[39m\n                  \u001b[36m/>\u001b[39m\n                  \u001b[36m<circle\u001b[39m\n                    \u001b[33mcx\u001b[39m=\u001b[32m\"12\"\u001b[39m\n                    \u001b[33mcy\u001b[39m=\u001b[32m\"12\"\u001b[39m\n                    \u001b[33mr\u001b[39m=\u001b[32m\"10\"\u001b[39m\n                  \u001b[36m/>\u001b[39m\n                \u001b[36m</svg>\u001b[39m\n                \u001b[36m<span\u001b[39m\n                  \u001b[33mclass\u001b[39m=\u001b[32m\"text-[10px] font-semibold\"\u001b[39m\n                \u001b[36m>\u001b[39m\n                  \u001b[0m0\u001b[0m\n                  \u001b[0md\u001b[0m\n                \u001b[36m</span>\u001b[39m\n              \u001b[36m</div>\u001b[39m\n              \u001b[36m<div\u001b[39m\n                \u001b[33mclass\u001b[39m=\u001b[32m\"flex gap-1 mt-1\"\u001b[39m\n              \u001b[36m>\u001b[39m\n                \u001b[36m<span\u001b[39m\n                  \u001b[33mclass\u001b[39m=\u001b[32m\"text-[8px] bg-purple-100 text-purple-700 font-bold px-1 rounded-sm border border-purple-200\"\u001b[39m\n                  \u001b[33mtitle\u001b[39m=\u001b[32m\"Cuna Clínica\"\u001b[39m\n                \u001b[36m>\u001b[39m\n                  \u001b[0m+CC\u001b[0m\n                \u001b[36m</span>\u001b[39m\n              \u001b[36m</div>\u001b[39m\n            \u001b[36m</div>\u001b[39m\n            \u001b[36m<div\u001b[39m\n              \u001b[33mclass\u001b[39m=\u001b[32m\"absolute top-0 right-0 p-0.5 z-20\"\u001b[39m\n            \u001b[36m>\u001b[39m\n              \u001b[36m<button\u001b[39m\n                \u001b[33mclass\u001b[39m=\u001b[32m\"p-0.5 rounded shadow-sm border transition-all duration-200 opacity-0 group-hover/row:opacity-100 bg-slate-50 border-slate-200 text-slate-400 hover:text-slate-600 hover:bg-slate-100\"\u001b[39m\n                \u001b[33mtitle\u001b[39m=\u001b[32m\"Configuración de cama\"\u001b[39m\n              \u001b[36m>\u001b[39m\n                \u001b[36m<svg\u001b[39m...\n    at Object.getElementError (/Users/danielopazodamiani/Downloads/HHR-entornoprueba enero 2026/node_modules/@testing-library/dom/dist/config.js:37:19)\n    at /Users/danielopazodamiani/Downloads/HHR-entornoprueba enero 2026/node_modules/@testing-library/dom/dist/query-helpers.js:76:38\n    at /Users/danielopazodamiani/Downloads/HHR-entornoprueba enero 2026/node_modules/@testing-library/dom/dist/query-helpers.js:52:17\n    at /Users/danielopazodamiani/Downloads/HHR-entornoprueba enero 2026/node_modules/@testing-library/dom/dist/query-helpers.js:95:19\n    at /Users/danielopazodamiani/Downloads/HHR-entornoprueba enero 2026/src/tests/components/PatientRow.test.tsx:471:27\n    at file:///Users/danielopazodamiani/Downloads/HHR-entornoprueba%20enero%202026/node_modules/@vitest/runner/dist/index.js:145:11\n    at file:///Users/danielopazodamiani/Downloads/HHR-entornoprueba%20enero%202026/node_modules/@vitest/runner/dist/index.js:915:26\n    at file:///Users/danielopazodamiani/Downloads/HHR-entornoprueba%20enero%202026/node_modules/@vitest/runner/dist/index.js:1243:20\n    at new Promise (<anonymous>)\n    at runWithTimeout (file:///Users/danielopazodamiani/Downloads/HHR-entornoprueba%20enero%202026/node_modules/@vitest/runner/dist/index.js:1209:10)"],"meta":{}},{"ancestorTitles":["PatientRow Component","Clinical Crib Sub-row"],"fullName":"PatientRow Component Clinical Crib Sub-row opens sub-row demographics modal","status":"failed","title":"opens sub-row demographics modal","duration":8.883749999999964,"failureMessages":["TestingLibraryElementError: Unable to find an element with the title: Datos demográficos.\n\nIgnored nodes: comments, script, style\n\u001b[36m<body\u001b[39m\n  \u001b[33mstyle\u001b[39m=\u001b[32m\"\"\u001b[39m\n\u001b[36m>\u001b[39m\n  \u001b[36m<div>\u001b[39m\n    \u001b[36m<table>\u001b[39m\n      \u001b[36m<tbody>\u001b[39m\n        \u001b[36m<tr\u001b[39m\n          \u001b[33mclass\u001b[39m=\u001b[32m\"group/row relative border-b border-slate-100 transition-all duration-200 ease-in-out hover:bg-slate-50 hover:shadow-sm hover:z-10 bg-white text-[12px] leading-tight\"\u001b[39m\n        \u001b[36m>\u001b[39m\n          \u001b[36m<td\u001b[39m\n            \u001b[33mclass\u001b[39m=\u001b[32m\"p-0 text-center border-r border-slate-200 relative w-10 print:hidden\"\u001b[39m\n          \u001b[36m>\u001b[39m\n            \u001b[36m<div\u001b[39m\n              \u001b[33mclass\u001b[39m=\u001b[32m\"flex flex-col items-center gap-1 relative\"\u001b[39m\n            \u001b[36m>\u001b[39m\n              \u001b[36m<div\u001b[39m\n                \u001b[33mclass\u001b[39m=\u001b[32m\"flex items-center gap-0.5\"\u001b[39m\n              \u001b[36m>\u001b[39m\n                \u001b[36m<button\u001b[39m\n                  \u001b[33mclass\u001b[39m=\u001b[32m\"p-1 rounded-full text-medical-500 hover:text-medical-700 hover:bg-medical-50 transition-colors\"\u001b[39m\n                  \u001b[33mtitle\u001b[39m=\u001b[32m\"Datos del Paciente\"\u001b[39m\n                \u001b[36m>\u001b[39m\n                  \u001b[36m<svg\u001b[39m\n                    \u001b[33maria-hidden\u001b[39m=\u001b[32m\"true\"\u001b[39m\n                    \u001b[33mclass\u001b[39m=\u001b[32m\"lucide lucide-user\"\u001b[39m\n                    \u001b[33mfill\u001b[39m=\u001b[32m\"none\"\u001b[39m\n                    \u001b[33mheight\u001b[39m=\u001b[32m\"16\"\u001b[39m\n                    \u001b[33mstroke\u001b[39m=\u001b[32m\"currentColor\"\u001b[39m\n                    \u001b[33mstroke-linecap\u001b[39m=\u001b[32m\"round\"\u001b[39m\n                    \u001b[33mstroke-linejoin\u001b[39m=\u001b[32m\"round\"\u001b[39m\n                    \u001b[33mstroke-width\u001b[39m=\u001b[32m\"2\"\u001b[39m\n                    \u001b[33mviewBox\u001b[39m=\u001b[32m\"0 0 24 24\"\u001b[39m\n                    \u001b[33mwidth\u001b[39m=\u001b[32m\"16\"\u001b[39m\n                    \u001b[33mxmlns\u001b[39m=\u001b[32m\"http://www.w3.org/2000/svg\"\u001b[39m\n                  \u001b[36m>\u001b[39m\n                    \u001b[36m<path\u001b[39m\n                      \u001b[33md\u001b[39m=\u001b[32m\"M19 21v-2a4 4 0 0 0-4-4H9a4 4 0 0 0-4 4v2\"\u001b[39m\n                    \u001b[36m/>\u001b[39m\n                    \u001b[36m<circle\u001b[39m\n                      \u001b[33mcx\u001b[39m=\u001b[32m\"12\"\u001b[39m\n                      \u001b[33mcy\u001b[39m=\u001b[32m\"7\"\u001b[39m\n                      \u001b[33mr\u001b[39m=\u001b[32m\"4\"\u001b[39m\n                    \u001b[36m/>\u001b[39m\n                  \u001b[36m</svg>\u001b[39m\n                \u001b[36m</button>\u001b[39m\n              \u001b[36m</div>\u001b[39m\n              \u001b[36m<button\u001b[39m\n                \u001b[33mclass\u001b[39m=\u001b[32m\"p-1.5 rounded-full hover:bg-slate-200 text-slate-500 transition-colors\"\u001b[39m\n                \u001b[33mtitle\u001b[39m=\u001b[32m\"Acciones\"\u001b[39m\n              \u001b[36m>\u001b[39m\n                \u001b[36m<svg\u001b[39m\n                  \u001b[33maria-hidden\u001b[39m=\u001b[32m\"true\"\u001b[39m\n                  \u001b[33mclass\u001b[39m=\u001b[32m\"lucide lucide-ellipsis\"\u001b[39m\n                  \u001b[33mfill\u001b[39m=\u001b[32m\"none\"\u001b[39m\n                  \u001b[33mheight\u001b[39m=\u001b[32m\"16\"\u001b[39m\n                  \u001b[33mstroke\u001b[39m=\u001b[32m\"currentColor\"\u001b[39m\n                  \u001b[33mstroke-linecap\u001b[39m=\u001b[32m\"round\"\u001b[39m\n                  \u001b[33mstroke-linejoin\u001b[39m=\u001b[32m\"round\"\u001b[39m\n                  \u001b[33mstroke-width\u001b[39m=\u001b[32m\"2\"\u001b[39m\n                  \u001b[33mviewBox\u001b[39m=\u001b[32m\"0 0 24 24\"\u001b[39m\n                  \u001b[33mwidth\u001b[39m=\u001b[32m\"16\"\u001b[39m\n                  \u001b[33mxmlns\u001b[39m=\u001b[32m\"http://www.w3.org/2000/svg\"\u001b[39m\n                \u001b[36m>\u001b[39m\n                  \u001b[36m<circle\u001b[39m\n                    \u001b[33mcx\u001b[39m=\u001b[32m\"12\"\u001b[39m\n                    \u001b[33mcy\u001b[39m=\u001b[32m\"12\"\u001b[39m\n                    \u001b[33mr\u001b[39m=\u001b[32m\"1\"\u001b[39m\n                  \u001b[36m/>\u001b[39m\n                  \u001b[36m<circle\u001b[39m\n                    \u001b[33mcx\u001b[39m=\u001b[32m\"19\"\u001b[39m\n                    \u001b[33mcy\u001b[39m=\u001b[32m\"12\"\u001b[39m\n                    \u001b[33mr\u001b[39m=\u001b[32m\"1\"\u001b[39m\n                  \u001b[36m/>\u001b[39m\n                  \u001b[36m<circle\u001b[39m\n                    \u001b[33mcx\u001b[39m=\u001b[32m\"5\"\u001b[39m\n                    \u001b[33mcy\u001b[39m=\u001b[32m\"12\"\u001b[39m\n                    \u001b[33mr\u001b[39m=\u001b[32m\"1\"\u001b[39m\n                  \u001b[36m/>\u001b[39m\n                \u001b[36m</svg>\u001b[39m\n              \u001b[36m</button>\u001b[39m\n            \u001b[36m</div>\u001b[39m\n          \u001b[36m</td>\u001b[39m\n          \u001b[36m<td\u001b[39m\n            \u001b[33mclass\u001b[39m=\u001b[32m\"p-[2px] border-r border-slate-200 text-center w-24 relative\"\u001b[39m\n          \u001b[36m>\u001b[39m\n            \u001b[36m<div\u001b[39m\n              \u001b[33mclass\u001b[39m=\u001b[32m\"flex flex-col items-center gap-0.5\"\u001b[39m\n            \u001b[36m>\u001b[39m\n              \u001b[36m<div\u001b[39m\n                \u001b[33mclass\u001b[39m=\u001b[32m\"font-display font-bold text-lg text-slate-800 flex items-center gap-1.5 leading-none tracking-tight\"\u001b[39m\n              \u001b[36m>\u001b[39m\n                \u001b[0mR1\u001b[0m\n              \u001b[36m</div>\u001b[39m\n              \u001b[36m<div\u001b[39m\n                \u001b[33mclass\u001b[39m=\u001b[32m\"flex items-center gap-0.5 text-slate-500\"\u001b[39m\n                \u001b[33mtitle\u001b[39m=\u001b[32m\"0 días hospitalizado\"\u001b[39m\n              \u001b[36m>\u001b[39m\n                \u001b[36m<svg\u001b[39m\n                  \u001b[33maria-hidden\u001b[39m=\u001b[32m\"true\"\u001b[39m\n                  \u001b[33mclass\u001b[39m=\u001b[32m\"lucide lucide-clock text-slate-400\"\u001b[39m\n                  \u001b[33mfill\u001b[39m=\u001b[32m\"none\"\u001b[39m\n                  \u001b[33mheight\u001b[39m=\u001b[32m\"10\"\u001b[39m\n                  \u001b[33mstroke\u001b[39m=\u001b[32m\"currentColor\"\u001b[39m\n                  \u001b[33mstroke-linecap\u001b[39m=\u001b[32m\"round\"\u001b[39m\n                  \u001b[33mstroke-linejoin\u001b[39m=\u001b[32m\"round\"\u001b[39m\n                  \u001b[33mstroke-width\u001b[39m=\u001b[32m\"2\"\u001b[39m\n                  \u001b[33mviewBox\u001b[39m=\u001b[32m\"0 0 24 24\"\u001b[39m\n                  \u001b[33mwidth\u001b[39m=\u001b[32m\"10\"\u001b[39m\n                  \u001b[33mxmlns\u001b[39m=\u001b[32m\"http://www.w3.org/2000/svg\"\u001b[39m\n                \u001b[36m>\u001b[39m\n                  \u001b[36m<path\u001b[39m\n                    \u001b[33md\u001b[39m=\u001b[32m\"M12 6v6l4 2\"\u001b[39m\n                  \u001b[36m/>\u001b[39m\n                  \u001b[36m<circle\u001b[39m\n                    \u001b[33mcx\u001b[39m=\u001b[32m\"12\"\u001b[39m\n                    \u001b[33mcy\u001b[39m=\u001b[32m\"12\"\u001b[39m\n                    \u001b[33mr\u001b[39m=\u001b[32m\"10\"\u001b[39m\n                  \u001b[36m/>\u001b[39m\n                \u001b[36m</svg>\u001b[39m\n                \u001b[36m<span\u001b[39m\n                  \u001b[33mclass\u001b[39m=\u001b[32m\"text-[10px] font-semibold\"\u001b[39m\n                \u001b[36m>\u001b[39m\n                  \u001b[0m0\u001b[0m\n                  \u001b[0md\u001b[0m\n                \u001b[36m</span>\u001b[39m\n              \u001b[36m</div>\u001b[39m\n              \u001b[36m<div\u001b[39m\n                \u001b[33mclass\u001b[39m=\u001b[32m\"flex gap-1 mt-1\"\u001b[39m\n              \u001b[36m>\u001b[39m\n                \u001b[36m<span\u001b[39m\n                  \u001b[33mclass\u001b[39m=\u001b[32m\"text-[8px] bg-purple-100 text-purple-700 font-bold px-1 rounded-sm border border-purple-200\"\u001b[39m\n                  \u001b[33mtitle\u001b[39m=\u001b[32m\"Cuna Clínica\"\u001b[39m\n                \u001b[36m>\u001b[39m\n                  \u001b[0m+CC\u001b[0m\n                \u001b[36m</span>\u001b[39m\n              \u001b[36m</div>\u001b[39m\n            \u001b[36m</div>\u001b[39m\n            \u001b[36m<div\u001b[39m\n              \u001b[33mclass\u001b[39m=\u001b[32m\"absolute top-0 right-0 p-0.5 z-20\"\u001b[39m\n            \u001b[36m>\u001b[39m\n              \u001b[36m<button\u001b[39m\n                \u001b[33mclass\u001b[39m=\u001b[32m\"p-0.5 rounded shadow-sm border transition-all duration-200 opacity-0 group-hover/row:opacity-100 bg-slate-50 border-slate-200 text-slate-400 hover:text-slate-600 hover:bg-slate-100\"\u001b[39m\n                \u001b[33mtitle\u001b[39m=\u001b[32m\"Configuración de cama\"\u001b[39m\n              \u001b[36m>\u001b[39m\n                \u001b[36m<svg\u001b[39m...\n    at Object.getElementError (/Users/danielopazodamiani/Downloads/HHR-entornoprueba enero 2026/node_modules/@testing-library/dom/dist/config.js:37:19)\n    at /Users/danielopazodamiani/Downloads/HHR-entornoprueba enero 2026/node_modules/@testing-library/dom/dist/query-helpers.js:76:38\n    at /Users/danielopazodamiani/Downloads/HHR-entornoprueba enero 2026/node_modules/@testing-library/dom/dist/query-helpers.js:109:15\n    at /Users/danielopazodamiani/Downloads/HHR-entornoprueba enero 2026/src/tests/components/PatientRow.test.tsx:501:40\n    at file:///Users/danielopazodamiani/Downloads/HHR-entornoprueba%20enero%202026/node_modules/@vitest/runner/dist/index.js:145:11\n    at file:///Users/danielopazodamiani/Downloads/HHR-entornoprueba%20enero%202026/node_modules/@vitest/runner/dist/index.js:915:26\n    at file:///Users/danielopazodamiani/Downloads/HHR-entornoprueba%20enero%202026/node_modules/@vitest/runner/dist/index.js:1243:20\n    at new Promise (<anonymous>)\n    at runWithTimeout (file:///Users/danielopazodamiani/Downloads/HHR-entornoprueba%20enero%202026/node_modules/@vitest/runner/dist/index.js:1209:10)\n    at file:///Users/danielopazodamiani/Downloads/HHR-entornoprueba%20enero%202026/node_modules/@vitest/runner/dist/index.js:1653:37"],"meta":{}}],"startTime":1769562360851,"endTime":1769562361081.8838,"status":"failed","message":"","name":"/Users/danielopazodamiani/Downloads/HHR-entornoprueba enero 2026/src/tests/components/PatientRow.test.tsx"},{"assertionResults":[{"ancestorTitles":["RutPassportInput Toast Logic"],"fullName":"RutPassportInput Toast Logic should NOT show toast if date is not strictly today","status":"passed","title":"should NOT show toast if date is not strictly today","duration":16.43720799999994,"failureMessages":[],"meta":{}},{"ancestorTitles":["RutPassportInput Toast Logic"],"fullName":"RutPassportInput Toast Logic should show toast if date IS strictly today and name mismatches","status":"passed","title":"should show toast if date IS strictly today and name mismatches","duration":510.7739580000001,"failureMessages":[],"meta":{}},{"ancestorTitles":["RutPassportInput Toast Logic"],"fullName":"RutPassportInput Toast Logic should NOT show toast if dismissed via button","status":"passed","title":"should NOT show toast if dismissed via button","duration":512.004792,"failureMessages":[],"meta":{}},{"ancestorTitles":["RutPassportInput Toast Logic"],"fullName":"RutPassportInput Toast Logic should NOT show toast if names match (normalized)","status":"passed","title":"should NOT show toast if names match (normalized)","duration":3.88795899999991,"failureMessages":[],"meta":{}}],"startTime":1769562360456,"endTime":1769562361498.888,"status":"passed","message":"","name":"/Users/danielopazodamiani/Downloads/HHR-entornoprueba enero 2026/src/tests/components/RutPassportInput.test.tsx"},{"assertionResults":[{"ancestorTitles":["Skeleton Components","Skeleton Base"],"fullName":"Skeleton Components Skeleton Base should render with default props","status":"passed","title":"should render with default props","duration":14.08933300000001,"failureMessages":[],"meta":{}},{"ancestorTitles":["Skeleton Components","Skeleton Base"],"fullName":"Skeleton Components Skeleton Base should apply animation class based on prop","status":"passed","title":"should apply animation class based on prop","duration":1.7433749999999009,"failureMessages":[],"meta":{}},{"ancestorTitles":["Skeleton Components","Skeleton Base"],"fullName":"Skeleton Components Skeleton Base should apply variant class for circular","status":"passed","title":"should apply variant class for circular","duration":1.935624999999959,"failureMessages":[],"meta":{}},{"ancestorTitles":["Skeleton Components","Skeleton Base"],"fullName":"Skeleton Components Skeleton Base should apply custom width and height","status":"passed","title":"should apply custom width and height","duration":108.76495799999998,"failureMessages":[],"meta":{}},{"ancestorTitles":["Skeleton Components","Skeleton Base"],"fullName":"Skeleton Components Skeleton Base should apply string width and height","status":"passed","title":"should apply string width and height","duration":12.09941600000002,"failureMessages":[],"meta":{}},{"ancestorTitles":["Skeleton Components","SkeletonRow"],"fullName":"Skeleton Components SkeletonRow should render with default columns","status":"passed","title":"should render with default columns","duration":28.148124999999936,"failureMessages":[],"meta":{}},{"ancestorTitles":["Skeleton Components","SkeletonRow"],"fullName":"Skeleton Components SkeletonRow should render with custom column count","status":"passed","title":"should render with custom column count","duration":2.414250000000038,"failureMessages":[],"meta":{}},{"ancestorTitles":["Skeleton Components","SkeletonTable"],"fullName":"Skeleton Components SkeletonTable should render with default rows","status":"passed","title":"should render with default rows","duration":9.507125000000087,"failureMessages":[],"meta":{}},{"ancestorTitles":["Skeleton Components","SkeletonTable"],"fullName":"Skeleton Components SkeletonTable should render with custom row count","status":"passed","title":"should render with custom row count","duration":7.413833999999952,"failureMessages":[],"meta":{}},{"ancestorTitles":["Skeleton Components","SkeletonTable"],"fullName":"Skeleton Components SkeletonTable should render header when showHeader is true","status":"passed","title":"should render header when showHeader is true","duration":9.82879099999991,"failureMessages":[],"meta":{}},{"ancestorTitles":["Skeleton Components","SkeletonCard"],"fullName":"Skeleton Components SkeletonCard should render without avatar by default","status":"passed","title":"should render without avatar by default","duration":3.338249999999789,"failureMessages":[],"meta":{}},{"ancestorTitles":["Skeleton Components","SkeletonCard"],"fullName":"Skeleton Components SkeletonCard should render with avatar when showAvatar is true","status":"passed","title":"should render with avatar when showAvatar is true","duration":1.7964170000000195,"failureMessages":[],"meta":{}},{"ancestorTitles":["Skeleton Components","SkeletonCard"],"fullName":"Skeleton Components SkeletonCard should render with custom line count","status":"passed","title":"should render with custom line count","duration":1.3926249999999527,"failureMessages":[],"meta":{}},{"ancestorTitles":["Skeleton Components","CensusTableSkeleton"],"fullName":"Skeleton Components CensusTableSkeleton should render census-specific skeleton","status":"passed","title":"should render census-specific skeleton","duration":11.695124999999962,"failureMessages":[],"meta":{}},{"ancestorTitles":["Skeleton Components","CensusTableSkeleton"],"fullName":"Skeleton Components CensusTableSkeleton should render header stats section","status":"passed","title":"should render header stats section","duration":16.867750000000115,"failureMessages":[],"meta":{}},{"ancestorTitles":["Skeleton Components","HandoffSkeleton"],"fullName":"Skeleton Components HandoffSkeleton should render handoff-specific skeleton","status":"passed","title":"should render handoff-specific skeleton","duration":4.614000000000033,"failureMessages":[],"meta":{}}],"startTime":1769562363554,"endTime":1769562363793.614,"status":"passed","message":"","name":"/Users/danielopazodamiani/Downloads/HHR-entornoprueba enero 2026/src/tests/components/Skeleton.test.tsx"},{"assertionResults":[{"ancestorTitles":["UserMenu"],"fullName":"UserMenu renders user initial button","status":"passed","title":"renders user initial button","duration":184.94008299999996,"failureMessages":[],"meta":{}},{"ancestorTitles":["UserMenu"],"fullName":"UserMenu shows dropdown when button is clicked","status":"passed","title":"shows dropdown when button is clicked","duration":19.521209,"failureMessages":[],"meta":{}},{"ancestorTitles":["UserMenu"],"fullName":"UserMenu displays role correctly","status":"passed","title":"displays role correctly","duration":9.67366600000014,"failureMessages":[],"meta":{}},{"ancestorTitles":["UserMenu"],"fullName":"UserMenu calls onLogout when logout button is clicked","status":"passed","title":"calls onLogout when logout button is clicked","duration":13.841625000000022,"failureMessages":[],"meta":{}},{"ancestorTitles":["UserMenu"],"fullName":"UserMenu closes dropdown after logout","status":"passed","title":"closes dropdown after logout","duration":8.589249999999993,"failureMessages":[],"meta":{}},{"ancestorTitles":["UserMenu"],"fullName":"UserMenu has correct title attribute with email","status":"passed","title":"has correct title attribute with email","duration":3.711875000000191,"failureMessages":[],"meta":{}},{"ancestorTitles":["UserMenu"],"fullName":"UserMenu shows first letter uppercase","status":"passed","title":"shows first letter uppercase","duration":2.835499999999911,"failureMessages":[],"meta":{}}],"startTime":1769562363173,"endTime":1769562363416.8354,"status":"passed","message":"","name":"/Users/danielopazodamiani/Downloads/HHR-entornoprueba enero 2026/src/tests/components/UserMenu.test.tsx"},{"assertionResults":[{"ancestorTitles":["beds constants","HOSPITAL_CAPACITY"],"fullName":"beds constants HOSPITAL_CAPACITY should be 18","status":"passed","title":"should be 18","duration":3.8991250000000264,"failureMessages":[],"meta":{}},{"ancestorTitles":["beds constants","BEDS array"],"fullName":"beds constants BEDS array should have correct total count","status":"passed","title":"should have correct total count","duration":0.3720419999999649,"failureMessages":[],"meta":{}},{"ancestorTitles":["beds constants","BEDS array"],"fullName":"beds constants BEDS array should have unique IDs","status":"passed","title":"should have unique IDs","duration":0.4552079999999705,"failureMessages":[],"meta":{}},{"ancestorTitles":["beds constants","BEDS array"],"fullName":"beds constants BEDS array should have all required properties","status":"passed","title":"should have all required properties","duration":3.5504580000000487,"failureMessages":[],"meta":{}},{"ancestorTitles":["beds constants","UTI_BEDS"],"fullName":"beds constants UTI_BEDS should have 4 UTI beds","status":"passed","title":"should have 4 UTI beds","duration":0.0897499999999809,"failureMessages":[],"meta":{}},{"ancestorTitles":["beds constants","UTI_BEDS"],"fullName":"beds constants UTI_BEDS should all be UTI type","status":"passed","title":"should all be UTI type","duration":0.06987500000002456,"failureMessages":[],"meta":{}},{"ancestorTitles":["beds constants","UTI_BEDS"],"fullName":"beds constants UTI_BEDS should include R1, R2, R3, R4","status":"passed","title":"should include R1, R2, R3, R4","duration":0.3925000000000409,"failureMessages":[],"meta":{}},{"ancestorTitles":["beds constants","MEDIA_BEDS"],"fullName":"beds constants MEDIA_BEDS should have 14 MEDIA beds (excluding extra)","status":"passed","title":"should have 14 MEDIA beds (excluding extra)","duration":0.039000000000100954,"failureMessages":[],"meta":{}},{"ancestorTitles":["beds constants","MEDIA_BEDS"],"fullName":"beds constants MEDIA_BEDS should all be MEDIA type","status":"passed","title":"should all be MEDIA type","duration":0.21233299999994415,"failureMessages":[],"meta":{}},{"ancestorTitles":["beds constants","MEDIA_BEDS"],"fullName":"beds constants MEDIA_BEDS should not include extra beds","status":"passed","title":"should not include extra beds","duration":0.15012500000000273,"failureMessages":[],"meta":{}},{"ancestorTitles":["beds constants","MEDIA_BEDS"],"fullName":"beds constants MEDIA_BEDS should include NEO beds","status":"passed","title":"should include NEO beds","duration":0.12654199999997218,"failureMessages":[],"meta":{}},{"ancestorTitles":["beds constants","MEDIA_BEDS"],"fullName":"beds constants MEDIA_BEDS should include hospitalization beds","status":"passed","title":"should include hospitalization beds","duration":0.05429100000003473,"failureMessages":[],"meta":{}},{"ancestorTitles":["beds constants","EXTRA_BEDS"],"fullName":"beds constants EXTRA_BEDS should have 5 extra beds","status":"passed","title":"should have 5 extra beds","duration":0.02966599999990649,"failureMessages":[],"meta":{}},{"ancestorTitles":["beds constants","EXTRA_BEDS"],"fullName":"beds constants EXTRA_BEDS should all have isExtra true","status":"passed","title":"should all have isExtra true","duration":0.04975000000001728,"failureMessages":[],"meta":{}},{"ancestorTitles":["beds constants","EXTRA_BEDS"],"fullName":"beds constants EXTRA_BEDS should include E1 through E5","status":"passed","title":"should include E1 through E5","duration":0.2164580000001024,"failureMessages":[],"meta":{}},{"ancestorTitles":["beds constants","REGULAR_BEDS"],"fullName":"beds constants REGULAR_BEDS should have 18 regular beds","status":"passed","title":"should have 18 regular beds","duration":0.029291999999941254,"failureMessages":[],"meta":{}},{"ancestorTitles":["beds constants","REGULAR_BEDS"],"fullName":"beds constants REGULAR_BEDS should not include extra beds","status":"passed","title":"should not include extra beds","duration":0.11775000000000091,"failureMessages":[],"meta":{}},{"ancestorTitles":["beds constants","REGULAR_BEDS"],"fullName":"beds constants REGULAR_BEDS should equal HOSPITAL_CAPACITY","status":"passed","title":"should equal HOSPITAL_CAPACITY","duration":0.023750000000063665,"failureMessages":[],"meta":{}},{"ancestorTitles":["beds constants","Bed relationships"],"fullName":"beds constants Bed relationships REGULAR_BEDS + EXTRA_BEDS should equal BEDS","status":"passed","title":"REGULAR_BEDS + EXTRA_BEDS should equal BEDS","duration":0.02654199999994944,"failureMessages":[],"meta":{}},{"ancestorTitles":["beds constants","Bed relationships"],"fullName":"beds constants Bed relationships UTI_BEDS + MEDIA_BEDS should equal REGULAR_BEDS","status":"passed","title":"UTI_BEDS + MEDIA_BEDS should equal REGULAR_BEDS","duration":0.023291999999969448,"failureMessages":[],"meta":{}}],"startTime":1769562368746,"endTime":1769562368757.1177,"status":"passed","message":"","name":"/Users/danielopazodamiani/Downloads/HHR-entornoprueba enero 2026/src/tests/constants/beds.test.ts"},{"assertionResults":[{"ancestorTitles":["Email Constants","CENSUS_DEFAULT_RECIPIENTS"],"fullName":"Email Constants CENSUS_DEFAULT_RECIPIENTS should be an empty array by default (no hardcoded emails)","status":"passed","title":"should be an empty array by default (no hardcoded emails)","duration":1.9320000000000164,"failureMessages":[],"meta":{}},{"ancestorTitles":["Email Constants","buildCensusEmailSubject"],"fullName":"Email Constants buildCensusEmailSubject should include \"Censo diario pacientes hospitalizados\"","status":"passed","title":"should include \"Censo diario pacientes hospitalizados\"","duration":0.23712499999999181,"failureMessages":[],"meta":{}},{"ancestorTitles":["Email Constants","buildCensusEmailSubject"],"fullName":"Email Constants buildCensusEmailSubject should include formatted date DD-MM-YYYY","status":"passed","title":"should include formatted date DD-MM-YYYY","duration":0.12358300000005329,"failureMessages":[],"meta":{}},{"ancestorTitles":["Email Constants","buildCensusEmailBody"],"fullName":"Email Constants buildCensusEmailBody should start with \"Estimados:\"","status":"passed","title":"should start with \"Estimados:\"","duration":0.23458399999992707,"failureMessages":[],"meta":{}},{"ancestorTitles":["Email Constants","buildCensusEmailBody"],"fullName":"Email Constants buildCensusEmailBody should contain the date in Spanish format","status":"passed","title":"should contain the date in Spanish format","duration":0.05858299999999872,"failureMessages":[],"meta":{}},{"ancestorTitles":["Email Constants","buildCensusEmailBody"],"fullName":"Email Constants buildCensusEmailBody should contain \"Saludos cordiales,\"","status":"passed","title":"should contain \"Saludos cordiales,\"","duration":0.03633400000001075,"failureMessages":[],"meta":{}},{"ancestorTitles":["Email Constants","buildCensusEmailBody"],"fullName":"Email Constants buildCensusEmailBody should contain Unicode separator","status":"passed","title":"should contain Unicode separator","duration":0.03224999999997635,"failureMessages":[],"meta":{}},{"ancestorTitles":["Email Constants","buildCensusEmailBody"],"fullName":"Email Constants buildCensusEmailBody should contain \"Hospital Hanga Roa\"","status":"passed","title":"should contain \"Hospital Hanga Roa\"","duration":0.030333000000041466,"failureMessages":[],"meta":{}},{"ancestorTitles":["Email Constants","buildCensusEmailBody"],"fullName":"Email Constants buildCensusEmailBody should contain \"Anexo MINSAL 328388\"","status":"passed","title":"should contain \"Anexo MINSAL 328388\"","duration":0.13933400000007623,"failureMessages":[],"meta":{}},{"ancestorTitles":["Email Constants","buildCensusEmailBody"],"fullName":"Email Constants buildCensusEmailBody should contain \"Enfermería - Servicio Hospitalizados\"","status":"passed","title":"should contain \"Enfermería - Servicio Hospitalizados\"","duration":0.05066599999997834,"failureMessages":[],"meta":{}},{"ancestorTitles":["Email Constants","buildCensusEmailBody"],"fullName":"Email Constants buildCensusEmailBody should include encryption PIN when provided","status":"passed","title":"should include encryption PIN when provided","duration":0.07004200000005767,"failureMessages":[],"meta":{}},{"ancestorTitles":["Email Constants","buildCensusEmailBody"],"fullName":"Email Constants buildCensusEmailBody should not include encryption PIN line when not provided","status":"passed","title":"should not include encryption PIN line when not provided","duration":0.10008299999992687,"failureMessages":[],"meta":{}},{"ancestorTitles":["Email Constants","buildCensusEmailBody"],"fullName":"Email Constants buildCensusEmailBody should include nurse signature when provided","status":"passed","title":"should include nurse signature when provided","duration":0.033084000000030755,"failureMessages":[],"meta":{}},{"ancestorTitles":["Email Constants","buildCensusEmailBody"],"fullName":"Email Constants buildCensusEmailBody should have correct order: body, PIN, farewell, separator, signature","status":"passed","title":"should have correct order: body, PIN, farewell, separator, signature","duration":0.0659170000000131,"failureMessages":[],"meta":{}}],"startTime":1769562370436,"endTime":1769562370440.1,"status":"passed","message":"","name":"/Users/danielopazodamiani/Downloads/HHR-entornoprueba enero 2026/src/tests/constants/email.test.ts"},{"assertionResults":[{"ancestorTitles":["EXAM_CATEGORIES"],"fullName":"EXAM_CATEGORIES should have 10 categories","status":"passed","title":"should have 10 categories","duration":0.7575840000000653,"failureMessages":[],"meta":{}},{"ancestorTitles":["EXAM_CATEGORIES"],"fullName":"EXAM_CATEGORIES should have all required category properties","status":"passed","title":"should have all required category properties","duration":0.7379589999999325,"failureMessages":[],"meta":{}},{"ancestorTitles":["EXAM_CATEGORIES"],"fullName":"EXAM_CATEGORIES should have unique category IDs","status":"passed","title":"should have unique category IDs","duration":0.11645800000007966,"failureMessages":[],"meta":{}},{"ancestorTitles":["EXAM_CATEGORIES","Bioquimica Category"],"fullName":"EXAM_CATEGORIES Bioquimica Category should exist","status":"passed","title":"should exist","duration":0.17054200000006858,"failureMessages":[],"meta":{}},{"ancestorTitles":["EXAM_CATEGORIES","Bioquimica Category"],"fullName":"EXAM_CATEGORIES Bioquimica Category should have tube information","status":"passed","title":"should have tube information","duration":0.04795799999999417,"failureMessages":[],"meta":{}},{"ancestorTitles":["EXAM_CATEGORIES","Bioquimica Category"],"fullName":"EXAM_CATEGORIES Bioquimica Category should include common biochemistry exams","status":"passed","title":"should include common biochemistry exams","duration":0.190166999999974,"failureMessages":[],"meta":{}},{"ancestorTitles":["EXAM_CATEGORIES","Hematologia Category"],"fullName":"EXAM_CATEGORIES Hematologia Category should exist","status":"passed","title":"should exist","duration":0.031499999999937245,"failureMessages":[],"meta":{}},{"ancestorTitles":["EXAM_CATEGORIES","Hematologia Category"],"fullName":"EXAM_CATEGORIES Hematologia Category should have TUBO LILA","status":"passed","title":"should have TUBO LILA","duration":0.027749999999969077,"failureMessages":[],"meta":{}},{"ancestorTitles":["EXAM_CATEGORIES","Hematologia Category"],"fullName":"EXAM_CATEGORIES Hematologia Category should include HEMOGRAMA","status":"passed","title":"should include HEMOGRAMA","duration":0.17458299999998417,"failureMessages":[],"meta":{}},{"ancestorTitles":["EXAM_CATEGORIES","Coagulacion Category"],"fullName":"EXAM_CATEGORIES Coagulacion Category should exist","status":"passed","title":"should exist","duration":0.04566700000009405,"failureMessages":[],"meta":{}},{"ancestorTitles":["EXAM_CATEGORIES","Coagulacion Category"],"fullName":"EXAM_CATEGORIES Coagulacion Category should have TUBO CELESTE","status":"passed","title":"should have TUBO CELESTE","duration":0.028167000000053122,"failureMessages":[],"meta":{}},{"ancestorTitles":["EXAM_CATEGORIES","Coagulacion Category"],"fullName":"EXAM_CATEGORIES Coagulacion Category should include INR test","status":"passed","title":"should include INR test","duration":0.0362920000000031,"failureMessages":[],"meta":{}},{"ancestorTitles":["EXAM_CATEGORIES","Categories without tube specification"],"fullName":"EXAM_CATEGORIES Categories without tube specification should exist for microbiologicos","status":"passed","title":"should exist for microbiologicos","duration":0.04574999999999818,"failureMessages":[],"meta":{}},{"ancestorTitles":["EXAM_CATEGORIES","Categories without tube specification"],"fullName":"EXAM_CATEGORIES Categories without tube specification should exist for parasitologia","status":"passed","title":"should exist for parasitologia","duration":0.035041000000092026,"failureMessages":[],"meta":{}},{"ancestorTitles":["PROCEDENCIA_OPTIONS"],"fullName":"PROCEDENCIA_OPTIONS should have 6 options","status":"passed","title":"should have 6 options","duration":0.04712500000005093,"failureMessages":[],"meta":{}},{"ancestorTitles":["PROCEDENCIA_OPTIONS"],"fullName":"PROCEDENCIA_OPTIONS should include Hospitalización","status":"passed","title":"should include Hospitalización","duration":0.031458000000043285,"failureMessages":[],"meta":{}},{"ancestorTitles":["PROCEDENCIA_OPTIONS"],"fullName":"PROCEDENCIA_OPTIONS should include Urgencia","status":"passed","title":"should include Urgencia","duration":0.08941600000002836,"failureMessages":[],"meta":{}},{"ancestorTitles":["PROCEDENCIA_OPTIONS"],"fullName":"PROCEDENCIA_OPTIONS should include Policlínico","status":"passed","title":"should include Policlínico","duration":0.033790999999951055,"failureMessages":[],"meta":{}},{"ancestorTitles":["FONASA_LEVELS"],"fullName":"FONASA_LEVELS should have 4 levels (A, B, C, D)","status":"passed","title":"should have 4 levels (A, B, C, D)","duration":0.19220799999993687,"failureMessages":[],"meta":{}}],"startTime":1769562373030,"endTime":1769562373033.1921,"status":"passed","message":"","name":"/Users/danielopazodamiani/Downloads/HHR-entornoprueba enero 2026/src/tests/constants/examCategories.test.ts"},{"assertionResults":[{"ancestorTitles":["identities","Constants"],"fullName":"identities Constants should export INSTITUTIONAL_ACCOUNTS","status":"passed","title":"should export INSTITUTIONAL_ACCOUNTS","duration":0.5931659999999965,"failureMessages":[],"meta":{}},{"ancestorTitles":["identities","Constants"],"fullName":"identities Constants should export ADMIN_EMAILS array","status":"passed","title":"should export ADMIN_EMAILS array","duration":0.14687499999990905,"failureMessages":[],"meta":{}},{"ancestorTitles":["identities","isInstitutionalAccount"],"fullName":"identities isInstitutionalAccount should return true for nursing account","status":"passed","title":"should return true for nursing account","duration":0.16016700000000128,"failureMessages":[],"meta":{}},{"ancestorTitles":["identities","isInstitutionalAccount"],"fullName":"identities isInstitutionalAccount should return true for alt nursing account","status":"passed","title":"should return true for alt nursing account","duration":0.9860830000000078,"failureMessages":[],"meta":{}},{"ancestorTitles":["identities","isInstitutionalAccount"],"fullName":"identities isInstitutionalAccount should be case insensitive","status":"passed","title":"should be case insensitive","duration":0.18800000000010186,"failureMessages":[],"meta":{}},{"ancestorTitles":["identities","isInstitutionalAccount"],"fullName":"identities isInstitutionalAccount should handle whitespace","status":"passed","title":"should handle whitespace","duration":0.0852909999999838,"failureMessages":[],"meta":{}},{"ancestorTitles":["identities","isInstitutionalAccount"],"fullName":"identities isInstitutionalAccount should return false for null","status":"passed","title":"should return false for null","duration":0.06833299999993869,"failureMessages":[],"meta":{}},{"ancestorTitles":["identities","isInstitutionalAccount"],"fullName":"identities isInstitutionalAccount should return false for undefined","status":"passed","title":"should return false for undefined","duration":0.06995900000003985,"failureMessages":[],"meta":{}},{"ancestorTitles":["identities","isInstitutionalAccount"],"fullName":"identities isInstitutionalAccount should return false for non-institutional email","status":"passed","title":"should return false for non-institutional email","duration":0.3837499999999636,"failureMessages":[],"meta":{}},{"ancestorTitles":["identities","isInstitutionalAccount"],"fullName":"identities isInstitutionalAccount should return false for empty string","status":"passed","title":"should return false for empty string","duration":0.21049999999991087,"failureMessages":[],"meta":{}},{"ancestorTitles":["identities","isAdministratorEmail"],"fullName":"identities isAdministratorEmail should return true for admin emails","status":"passed","title":"should return true for admin emails","duration":0.25458400000002257,"failureMessages":[],"meta":{}},{"ancestorTitles":["identities","isAdministratorEmail"],"fullName":"identities isAdministratorEmail should be case insensitive","status":"passed","title":"should be case insensitive","duration":0.0681250000000091,"failureMessages":[],"meta":{}},{"ancestorTitles":["identities","isAdministratorEmail"],"fullName":"identities isAdministratorEmail should handle whitespace","status":"passed","title":"should handle whitespace","duration":0.05937499999993179,"failureMessages":[],"meta":{}},{"ancestorTitles":["identities","isAdministratorEmail"],"fullName":"identities isAdministratorEmail should return false for null","status":"passed","title":"should return false for null","duration":0.056042000000047665,"failureMessages":[],"meta":{}},{"ancestorTitles":["identities","isAdministratorEmail"],"fullName":"identities isAdministratorEmail should return false for undefined","status":"passed","title":"should return false for undefined","duration":0.12175000000002001,"failureMessages":[],"meta":{}},{"ancestorTitles":["identities","isAdministratorEmail"],"fullName":"identities isAdministratorEmail should return false for non-admin email","status":"passed","title":"should return false for non-admin email","duration":0.0685839999999871,"failureMessages":[],"meta":{}}],"startTime":1769562372946,"endTime":1769562372950.2546,"status":"passed","message":"","name":"/Users/danielopazodamiani/Downloads/HHR-entornoprueba enero 2026/src/tests/constants/identities.test.ts"},{"assertionResults":[{"ancestorTitles":["UIContext"],"fullName":"UIContext should show success notification","status":"passed","title":"should show success notification","duration":26.69229100000007,"failureMessages":[],"meta":{}},{"ancestorTitles":["UIContext"],"fullName":"UIContext should show error notification","status":"passed","title":"should show error notification","duration":3.170166999999992,"failureMessages":[],"meta":{}},{"ancestorTitles":["UIContext"],"fullName":"UIContext should handle confirm dialog (confirm)","status":"passed","title":"should handle confirm dialog (confirm)","duration":84.5140409999999,"failureMessages":[],"meta":{}},{"ancestorTitles":["UIContext"],"fullName":"UIContext should handle confirm dialog (cancel)","status":"passed","title":"should handle confirm dialog (cancel)","duration":17.240042000000017,"failureMessages":[],"meta":{}},{"ancestorTitles":["UIContext"],"fullName":"UIContext should handle alert dialog","status":"passed","title":"should handle alert dialog","duration":15.155709000000002,"failureMessages":[],"meta":{}}],"startTime":1769562361906,"endTime":1769562362053.1558,"status":"passed","message":"","name":"/Users/danielopazodamiani/Downloads/HHR-entornoprueba enero 2026/src/tests/context/UIContext.test.tsx"},{"assertionResults":[{"ancestorTitles":["DataFactory Contract Tests"],"fullName":"DataFactory Contract Tests generates valid CUDYR score","status":"passed","title":"generates valid CUDYR score","duration":2.672749999999951,"failureMessages":[],"meta":{}},{"ancestorTitles":["DataFactory Contract Tests"],"fullName":"DataFactory Contract Tests generates valid PatientData","status":"passed","title":"generates valid PatientData","duration":1.7962079999999787,"failureMessages":[],"meta":{}},{"ancestorTitles":["DataFactory Contract Tests"],"fullName":"DataFactory Contract Tests generates valid DailyRecord","status":"passed","title":"generates valid DailyRecord","duration":8.198582999999985,"failureMessages":[],"meta":{}},{"ancestorTitles":["DataFactory Contract Tests"],"fullName":"DataFactory Contract Tests generates valid DischargeData","status":"passed","title":"generates valid DischargeData","duration":0.27308400000003985,"failureMessages":[],"meta":{}},{"ancestorTitles":["DataFactory Contract Tests"],"fullName":"DataFactory Contract Tests generates valid TransferData","status":"passed","title":"generates valid TransferData","duration":0.17516599999999016,"failureMessages":[],"meta":{}},{"ancestorTitles":["DataFactory Contract Tests"],"fullName":"DataFactory Contract Tests generates valid CMAData","status":"passed","title":"generates valid CMAData","duration":0.09670900000003257,"failureMessages":[],"meta":{}},{"ancestorTitles":["DataFactory Contract Tests"],"fullName":"DataFactory Contract Tests generates valid ClinicalEvent","status":"passed","title":"generates valid ClinicalEvent","duration":0.07516599999996743,"failureMessages":[],"meta":{}}],"startTime":1769562368832,"endTime":1769562368845.175,"status":"passed","message":"","name":"/Users/danielopazodamiani/Downloads/HHR-entornoprueba enero 2026/src/tests/factories/contract.test.ts"},{"assertionResults":[{"ancestorTitles":["Bed Operations Logic","Blocked Beds Logic"],"fullName":"Bed Operations Logic Blocked Beds Logic should correctly identify blocked bed","status":"passed","title":"should correctly identify blocked bed","duration":0.510332999999946,"failureMessages":[],"meta":{}},{"ancestorTitles":["Bed Operations Logic","Blocked Beds Logic"],"fullName":"Bed Operations Logic Blocked Beds Logic should correctly identify unblocked bed","status":"passed","title":"should correctly identify unblocked bed","duration":0.1285410000000411,"failureMessages":[],"meta":{}},{"ancestorTitles":["Bed Operations Logic","Blocked Beds Logic"],"fullName":"Bed Operations Logic Blocked Beds Logic should toggle blocked status","status":"passed","title":"should toggle blocked status","duration":0.15649999999993724,"failureMessages":[],"meta":{}},{"ancestorTitles":["Bed Operations Logic","Clinical Crib Logic"],"fullName":"Bed Operations Logic Clinical Crib Logic should add clinical crib to patient","status":"passed","title":"should add clinical crib to patient","duration":0.2007499999999709,"failureMessages":[],"meta":{}},{"ancestorTitles":["Bed Operations Logic","Clinical Crib Logic"],"fullName":"Bed Operations Logic Clinical Crib Logic should check if clinical crib exists","status":"passed","title":"should check if clinical crib exists","duration":0.0785000000000764,"failureMessages":[],"meta":{}},{"ancestorTitles":["Bed Operations Logic","Clinical Crib Logic"],"fullName":"Bed Operations Logic Clinical Crib Logic should clear clinical crib","status":"passed","title":"should clear clinical crib","duration":0.0364999999999327,"failureMessages":[],"meta":{}},{"ancestorTitles":["Bed Operations Logic","Patient Clear Logic"],"fullName":"Bed Operations Logic Patient Clear Logic should clear patient name","status":"passed","title":"should clear patient name","duration":0.04362500000002001,"failureMessages":[],"meta":{}},{"ancestorTitles":["Bed Operations Logic","Patient Clear Logic"],"fullName":"Bed Operations Logic Patient Clear Logic should check if bed is empty","status":"passed","title":"should check if bed is empty","duration":0.09804199999996399,"failureMessages":[],"meta":{}},{"ancestorTitles":["Bed Operations Logic","Bed Mode Logic"],"fullName":"Bed Operations Logic Bed Mode Logic should toggle bed mode","status":"passed","title":"should toggle bed mode","duration":0.1336669999999458,"failureMessages":[],"meta":{}},{"ancestorTitles":["Bed Operations Logic","Bed Mode Logic"],"fullName":"Bed Operations Logic Bed Mode Logic should check companion crib status","status":"passed","title":"should check companion crib status","duration":0.05245799999988776,"failureMessages":[],"meta":{}}],"startTime":1769562375407,"endTime":1769562375409.1338,"status":"passed","message":"","name":"/Users/danielopazodamiani/Downloads/HHR-entornoprueba enero 2026/src/tests/hooks/bedOperations.test.ts"},{"assertionResults":[{"ancestorTitles":["Copy Previous Day","Patient Copying"],"fullName":"Copy Previous Day Patient Copying should copy occupied beds to new day","status":"passed","title":"should copy occupied beds to new day","duration":1.7869160000000193,"failureMessages":[],"meta":{}},{"ancestorTitles":["Copy Previous Day","Patient Copying"],"fullName":"Copy Previous Day Patient Copying should reset CUDYR scores for new day","status":"passed","title":"should reset CUDYR scores for new day","duration":0.44404100000008384,"failureMessages":[],"meta":{}},{"ancestorTitles":["Copy Previous Day","Patient Copying"],"fullName":"Copy Previous Day Patient Copying should copy blocked beds status","status":"passed","title":"should copy blocked beds status","duration":0.6522089999999707,"failureMessages":[],"meta":{}},{"ancestorTitles":["Copy Previous Day","Patient Copying"],"fullName":"Copy Previous Day Patient Copying should preserve bed mode (Cama/Cuna)","status":"passed","title":"should preserve bed mode (Cama/Cuna)","duration":0.5924999999999727,"failureMessages":[],"meta":{}},{"ancestorTitles":["Copy Previous Day","Movement Lists"],"fullName":"Copy Previous Day Movement Lists should start new day with empty discharges","status":"passed","title":"should start new day with empty discharges","duration":0.25329199999998764,"failureMessages":[],"meta":{}},{"ancestorTitles":["Copy Previous Day","Movement Lists"],"fullName":"Copy Previous Day Movement Lists should start new day with empty transfers","status":"passed","title":"should start new day with empty transfers","duration":0.13216699999998127,"failureMessages":[],"meta":{}},{"ancestorTitles":["Copy Previous Day","Movement Lists"],"fullName":"Copy Previous Day Movement Lists should start new day with empty CMA","status":"passed","title":"should start new day with empty CMA","duration":0.2155840000000353,"failureMessages":[],"meta":{}},{"ancestorTitles":["Copy Previous Day","Extra Beds"],"fullName":"Copy Previous Day Extra Beds should copy active extra beds","status":"passed","title":"should copy active extra beds","duration":0.9887079999999742,"failureMessages":[],"meta":{}}],"startTime":1769562375032,"endTime":1769562375036.9888,"status":"passed","message":"","name":"/Users/danielopazodamiani/Downloads/HHR-entornoprueba enero 2026/src/tests/hooks/copyPreviousDay.test.ts"},{"assertionResults":[{"ancestorTitles":["useAppState","Module Navigation"],"fullName":"useAppState Module Navigation should initialize with CENSUS module","status":"passed","title":"should initialize with CENSUS module","duration":9.442207999999937,"failureMessages":[],"meta":{}},{"ancestorTitles":["useAppState","Module Navigation"],"fullName":"useAppState Module Navigation should update current module","status":"passed","title":"should update current module","duration":3.880333000000064,"failureMessages":[],"meta":{}},{"ancestorTitles":["useAppState","Census View Mode"],"fullName":"useAppState Census View Mode should initialize with REGISTER view mode","status":"passed","title":"should initialize with REGISTER view mode","duration":1.494792000000075,"failureMessages":[],"meta":{}},{"ancestorTitles":["useAppState","Census View Mode"],"fullName":"useAppState Census View Mode should toggle to ANALYTICS view mode","status":"passed","title":"should toggle to ANALYTICS view mode","duration":2.6917499999999563,"failureMessages":[],"meta":{}},{"ancestorTitles":["useAppState","Modal States"],"fullName":"useAppState Modal States should have settingsModal with isOpen false initially","status":"passed","title":"should have settingsModal with isOpen false initially","duration":2.7466249999999945,"failureMessages":[],"meta":{}},{"ancestorTitles":["useAppState","Modal States"],"fullName":"useAppState Modal States should open settings modal","status":"passed","title":"should open settings modal","duration":0.9287500000000364,"failureMessages":[],"meta":{}},{"ancestorTitles":["useAppState","Modal States"],"fullName":"useAppState Modal States should close settings modal","status":"passed","title":"should close settings modal","duration":0.8326250000000073,"failureMessages":[],"meta":{}},{"ancestorTitles":["useAppState","Modal States"],"fullName":"useAppState Modal States should have bedManagerModal functional","status":"passed","title":"should have bedManagerModal functional","duration":0.6133750000000191,"failureMessages":[],"meta":{}},{"ancestorTitles":["useAppState","Modal States"],"fullName":"useAppState Modal States should have demoModal functional","status":"passed","title":"should have demoModal functional","duration":1.0303750000000491,"failureMessages":[],"meta":{}},{"ancestorTitles":["useAppState","Test Agent State"],"fullName":"useAppState Test Agent State should initialize isTestAgentRunning as false","status":"passed","title":"should initialize isTestAgentRunning as false","duration":0.3790830000000369,"failureMessages":[],"meta":{}},{"ancestorTitles":["useAppState","Test Agent State"],"fullName":"useAppState Test Agent State should update test agent running state","status":"passed","title":"should update test agent running state","duration":0.32437500000003183,"failureMessages":[],"meta":{}},{"ancestorTitles":["useAppState","Derived State: showPrintButton"],"fullName":"useAppState Derived State: showPrintButton should be false for CENSUS module","status":"passed","title":"should be f
[...]
ctions"],"fullName":"auditSummaryGenerator generateSummary Patient actions should generate summary for PATIENT_ADMITTED","status":"passed","title":"should generate summary for PATIENT_ADMITTED","duration":1.4468749999999773,"failureMessages":[],"meta":{}},{"ancestorTitles":["auditSummaryGenerator","generateSummary","Patient actions"],"fullName":"auditSummaryGenerator generateSummary Patient actions should generate summary for PATIENT_ADMITTED without pathology","status":"passed","title":"should generate summary for PATIENT_ADMITTED without pathology","duration":1.3121250000000373,"failureMessages":[],"meta":{}},{"ancestorTitles":["auditSummaryGenerator","generateSummary","Patient actions"],"fullName":"auditSummaryGenerator generateSummary Patient actions should generate summary for PATIENT_DISCHARGED","status":"passed","title":"should generate summary for PATIENT_DISCHARGED","duration":1.0890419999999494,"failureMessages":[],"meta":{}},{"ancestorTitles":["auditSummaryGenerator","generateSummary","Patient actions"],"fullName":"auditSummaryGenerator generateSummary Patient actions should generate summary for PATIENT_TRANSFERRED","status":"passed","title":"should generate summary for PATIENT_TRANSFERRED","duration":0.5926660000000084,"failureMessages":[],"meta":{}},{"ancestorTitles":["auditSummaryGenerator","generateSummary","Patient actions"],"fullName":"auditSummaryGenerator generateSummary Patient actions should generate summary for PATIENT_MODIFIED","status":"passed","title":"should generate summary for PATIENT_MODIFIED","duration":0.2081670000000031,"failureMessages":[],"meta":{}},{"ancestorTitles":["auditSummaryGenerator","generateSummary","Patient actions"],"fullName":"auditSummaryGenerator generateSummary Patient actions should generate summary for PATIENT_CLEARED","status":"passed","title":"should generate summary for PATIENT_CLEARED","duration":0.10637499999995725,"failureMessages":[],"meta":{}},{"ancestorTitles":["auditSummaryGenerator","generateSummary","Patient actions"],"fullName":"auditSummaryGenerator generateSummary Patient actions should generate summary for PATIENT_VIEWED","status":"passed","title":"should generate summary for PATIENT_VIEWED","duration":0.10204099999998562,"failureMessages":[],"meta":{}},{"ancestorTitles":["auditSummaryGenerator","generateSummary","Daily record actions"],"fullName":"auditSummaryGenerator generateSummary Daily record actions should generate summary for DAILY_RECORD_CREATED","status":"passed","title":"should generate summary for DAILY_RECORD_CREATED","duration":0.11012500000003911,"failureMessages":[],"meta":{}},{"ancestorTitles":["auditSummaryGenerator","generateSummary","Daily record actions"],"fullName":"auditSummaryGenerator generateSummary Daily record actions should generate summary for DAILY_RECORD_CREATED with copy source","status":"passed","title":"should generate summary for DAILY_RECORD_CREATED with copy source","duration":0.36008300000003146,"failureMessages":[],"meta":{}},{"ancestorTitles":["auditSummaryGenerator","generateSummary","Daily record actions"],"fullName":"auditSummaryGenerator generateSummary Daily record actions should generate summary for DAILY_RECORD_DELETED","status":"passed","title":"should generate summary for DAILY_RECORD_DELETED","duration":0.1467089999999871,"failureMessages":[],"meta":{}},{"ancestorTitles":["auditSummaryGenerator","generateSummary","CUDYR and Handoff actions"],"fullName":"auditSummaryGenerator generateSummary CUDYR and Handoff actions should generate summary for CUDYR_MODIFIED","status":"passed","title":"should generate summary for CUDYR_MODIFIED","duration":0.1663340000000062,"failureMessages":[],"meta":{}},{"ancestorTitles":["auditSummaryGenerator","generateSummary","CUDYR and Handoff actions"],"fullName":"auditSummaryGenerator generateSummary CUDYR and Handoff actions should generate summary for NURSE_HANDOFF_MODIFIED","status":"passed","title":"should generate summary for NURSE_HANDOFF_MODIFIED","duration":0.19241599999998016,"failureMessages":[],"meta":{}},{"ancestorTitles":["auditSummaryGenerator","generateSummary","CUDYR and Handoff actions"],"fullName":"auditSummaryGenerator generateSummary CUDYR and Handoff actions should generate summary for MEDICAL_HANDOFF_MODIFIED","status":"passed","title":"should generate summary for MEDICAL_HANDOFF_MODIFIED","duration":0.09474999999997635,"failureMessages":[],"meta":{}},{"ancestorTitles":["auditSummaryGenerator","generateSummary","CUDYR and Handoff actions"],"fullName":"auditSummaryGenerator generateSummary CUDYR and Handoff actions should generate summary for HANDOFF_NOVEDADES_MODIFIED","status":"passed","title":"should generate summary for HANDOFF_NOVEDADES_MODIFIED","duration":0.08120800000006057,"failureMessages":[],"meta":{}},{"ancestorTitles":["auditSummaryGenerator","generateSummary","View actions"],"fullName":"auditSummaryGenerator generateSummary View actions should generate summary for VIEW_CUDYR","status":"passed","title":"should generate summary for VIEW_CUDYR","duration":0.22595799999999144,"failureMessages":[],"meta":{}},{"ancestorTitles":["auditSummaryGenerator","generateSummary","View actions"],"fullName":"auditSummaryGenerator generateSummary View actions should generate summary for VIEW_NURSING_HANDOFF","status":"passed","title":"should generate summary for VIEW_NURSING_HANDOFF","duration":0.07029199999999491,"failureMessages":[],"meta":{}},{"ancestorTitles":["auditSummaryGenerator","generateSummary","View actions"],"fullName":"auditSummaryGenerator generateSummary View actions should generate summary for VIEW_MEDICAL_HANDOFF","status":"passed","title":"should generate summary for VIEW_MEDICAL_HANDOFF","duration":0.06458299999997053,"failureMessages":[],"meta":{}},{"ancestorTitles":["auditSummaryGenerator","generateSummary","User actions"],"fullName":"auditSummaryGenerator generateSummary User actions should generate summary for USER_LOGIN","status":"passed","title":"should generate summary for USER_LOGIN","duration":0.0680409999999938,"failureMessages":[],"meta":{}},{"ancestorTitles":["auditSummaryGenerator","generateSummary","User actions"],"fullName":"auditSummaryGenerator generateSummary User actions should generate summary for USER_LOGOUT","status":"passed","title":"should generate summary for USER_LOGOUT","duration":0.09283400000003894,"failureMessages":[],"meta":{}},{"ancestorTitles":["auditSummaryGenerator","generateSummary","Bed actions"],"fullName":"auditSummaryGenerator generateSummary Bed actions should generate summary for BED_BLOCKED","status":"passed","title":"should generate summary for BED_BLOCKED","duration":0.1230000000000473,"failureMessages":[],"meta":{}},{"ancestorTitles":["auditSummaryGenerator","generateSummary","Bed actions"],"fullName":"auditSummaryGenerator generateSummary Bed actions should generate summary for BED_UNBLOCKED","status":"passed","title":"should generate summary for BED_UNBLOCKED","duration":0.07425000000000637,"failureMessages":[],"meta":{}},{"ancestorTitles":["auditSummaryGenerator","generateSummary","Bed actions"],"fullName":"auditSummaryGenerator generateSummary Bed actions should generate summary for EXTRA_BED_TOGGLED active","status":"passed","title":"should generate summary for EXTRA_BED_TOGGLED active","duration":0.1648329999999305,"failureMessages":[],"meta":{}},{"ancestorTitles":["auditSummaryGenerator","generateSummary","Bed actions"],"fullName":"auditSummaryGenerator generateSummary Bed actions should generate summary for EXTRA_BED_TOGGLED inactive","status":"passed","title":"should generate summary for EXTRA_BED_TOGGLED inactive","duration":0.11483299999997598,"failureMessages":[],"meta":{}},{"ancestorTitles":["auditSummaryGenerator","generateSummary","Medical signature"],"fullName":"auditSummaryGenerator generateSummary Medical signature should generate summary for MEDICAL_HANDOFF_SIGNED","status":"passed","title":"should generate summary for MEDICAL_HANDOFF_SIGNED","duration":0.1374590000000353,"failureMessages":[],"meta":{}},{"ancestorTitles":["auditSummaryGenerator","generateSummary","Default case"],"fullName":"auditSummaryGenerator generateSummary Default case should return action name for unknown actions","status":"passed","title":"should return action name for unknown actions","duration":0.15866700000003675,"failureMessages":[],"meta":{}},{"ancestorTitles":["auditSummaryGenerator","generateSummary","Edge cases"],"fullName":"auditSummaryGenerator generateSummary Edge cases should handle missing patientName","status":"passed","title":"should handle missing patientName","duration":0.07795900000007805,"failureMessages":[],"meta":{}},{"ancestorTitles":["auditSummaryGenerator","generateSummary","Edge cases"],"fullName":"auditSummaryGenerator generateSummary Edge cases should handle missing bedId in details","status":"passed","title":"should handle missing bedId in details","duration":0.06370799999990595,"failureMessages":[],"meta":{}}],"startTime":1769562371223,"endTime":1769562371231.1587,"status":"passed","message":"","name":"/Users/danielopazodamiani/Downloads/HHR-entornoprueba enero 2026/src/tests/services/admin/utils/auditSummaryGenerator.test.ts"},{"assertionResults":[{"ancestorTitles":["auditUtils","getCurrentUserEmail"],"fullName":"auditUtils getCurrentUserEmail should return user email when available","status":"passed","title":"should return user email when available","duration":2.4422909999999547,"failureMessages":[],"meta":{}},{"ancestorTitles":["auditUtils","getCurrentUserEmail"],"fullName":"auditUtils getCurrentUserEmail should cache email in localStorage","status":"passed","title":"should cache email in localStorage","duration":0.7547080000000506,"failureMessages":[],"meta":{}},{"ancestorTitles":["auditUtils","getCurrentUserEmail"],"fullName":"auditUtils getCurrentUserEmail should return cached email if no current user","status":"passed","title":"should return cached email if no current user","duration":0.3676659999999856,"failureMessages":[],"meta":{}},{"ancestorTitles":["auditUtils","getCurrentUserEmail"],"fullName":"auditUtils getCurrentUserEmail should return displayName if no email","status":"passed","title":"should return displayName if no email","duration":0.7454579999999851,"failureMessages":[],"meta":{}},{"ancestorTitles":["auditUtils","getCurrentUserEmail"],"fullName":"auditUtils getCurrentUserEmail should return uid as last resort","status":"passed","title":"should return uid as last resort","duration":0.42020899999999983,"failureMessages":[],"meta":{}},{"ancestorTitles":["auditUtils","getCurrentUserEmail"],"fullName":"auditUtils getCurrentUserEmail should return anonymous_user if no info available","status":"passed","title":"should return anonymous_user if no info available","duration":0.17687499999999545,"failureMessages":[],"meta":{}},{"ancestorTitles":["auditUtils","getCurrentUserEmail"],"fullName":"auditUtils getCurrentUserEmail should return system_context on error","status":"passed","title":"should return system_context on error","duration":0.894292000000064,"failureMessages":[],"meta":{}},{"ancestorTitles":["auditUtils","getCurrentUserDisplayName"],"fullName":"auditUtils getCurrentUserDisplayName should return display name","status":"passed","title":"should return display name","duration":0.5997499999999718,"failureMessages":[],"meta":{}},{"ancestorTitles":["auditUtils","getCurrentUserDisplayName"],"fullName":"auditUtils getCurrentUserDisplayName should return undefined if no display name","status":"passed","title":"should return undefined if no display name","duration":0.4627500000000282,"failureMessages":[],"meta":{}},{"ancestorTitles":["auditUtils","getCurrentUserDisplayName"],"fullName":"auditUtils getCurrentUserDisplayName should return undefined on error","status":"passed","title":"should return undefined on error","duration":0.24741600000004382,"failureMessages":[],"meta":{}},{"ancestorTitles":["auditUtils","getCurrentUserUid"],"fullName":"auditUtils getCurrentUserUid should return UID","status":"passed","title":"should return UID","duration":0.15458300000000236,"failureMessages":[],"meta":{}},{"ancestorTitles":["auditUtils","getCurrentUserUid"],"fullName":"auditUtils getCurrentUserUid should return undefined on error","status":"passed","title":"should return undefined on error","duration":0.12370800000007875,"failureMessages":[],"meta":{}},{"ancestorTitles":["auditUtils","getCachedIpAddress"],"fullName":"auditUtils getCachedIpAddress should return cached IP","status":"passed","title":"should return cached IP","duration":0.1353750000000673,"failureMessages":[],"meta":{}},{"ancestorTitles":["auditUtils","getCachedIpAddress"],"fullName":"auditUtils getCachedIpAddress should return undefined if not cached","status":"passed","title":"should return undefined if not cached","duration":0.08266700000001492,"failureMessages":[],"meta":{}},{"ancestorTitles":["auditUtils","fetchAndCacheIpAddress"],"fullName":"auditUtils fetchAndCacheIpAddress should fetch and cache IP","status":"passed","title":"should fetch and cache IP","duration":0.9094589999999698,"failureMessages":[],"meta":{}},{"ancestorTitles":["auditUtils","fetchAndCacheIpAddress"],"fullName":"auditUtils fetchAndCacheIpAddress should return cached IP without fetching","status":"passed","title":"should return cached IP without fetching","duration":0.124416999999994,"failureMessages":[],"meta":{}},{"ancestorTitles":["auditUtils","fetchAndCacheIpAddress"],"fullName":"auditUtils fetchAndCacheIpAddress should handle fetch errors gracefully","status":"passed","title":"should handle fetch errors gracefully","duration":0.14212499999996453,"failureMessages":[],"meta":{}}],"startTime":1769562371529,"endTime":1769562371538.142,"status":"passed","message":"","name":"/Users/danielopazodamiani/Downloads/HHR-entornoprueba enero 2026/src/tests/services/admin/utils/auditUtils.test.ts"},{"assertionResults":[{"ancestorTitles":["diffUtils"],"fullName":"diffUtils should compute diff for additions","status":"passed","title":"should compute diff for additions","duration":2.131042000000093,"failureMessages":[],"meta":{}},{"ancestorTitles":["diffUtils"],"fullName":"diffUtils should compute diff for removals","status":"passed","title":"should compute diff for removals","duration":0.443540999999982,"failureMessages":[],"meta":{}},{"ancestorTitles":["diffUtils"],"fullName":"diffUtils should compute diff for mixed changes","status":"passed","title":"should compute diff for mixed changes","duration":0.23625000000004093,"failureMessages":[],"meta":{}},{"ancestorTitles":["diffUtils"],"fullName":"diffUtils should handle small resync window","status":"passed","title":"should handle small resync window","duration":0.2470419999999649,"failureMessages":[],"meta":{}}],"startTime":1769562371974,"endTime":1769562371977.247,"status":"passed","message":"","name":"/Users/danielopazodamiani/Downloads/HHR-entornoprueba enero 2026/src/tests/services/admin/utils/diffUtils.test.ts"},{"assertionResults":[{"ancestorTitles":["whatsappService","Bot Communication"],"fullName":"whatsappService Bot Communication should check bot health","status":"passed","title":"should check bot health","duration":1.6373749999999063,"failureMessages":[],"meta":{}},{"ancestorTitles":["whatsappService","Bot Communication"],"fullName":"whatsappService Bot Communication should send a message","status":"passed","title":"should send a message","duration":0.7074170000000777,"failureMessages":[],"meta":{}},{"ancestorTitles":["whatsappService","Bot Communication"],"fullName":"whatsappService Bot Communication should get WhatsApp groups","status":"passed","title":"should get WhatsApp groups","duration":1.0352920000000267,"failureMessages":[],"meta":{}},{"ancestorTitles":["whatsappService","Configuration and Templates"],"fullName":"whatsappService Configuration and Templates should get config from Firestore","status":"passed","title":"should get config from Firestore","duration":0.6473749999998972,"failureMessages":[],"meta":{}},{"ancestorTitles":["whatsappService","Configuration and Templates"],"fullName":"whatsappService Configuration and Templates should update config","status":"passed","title":"should update config","duration":0.4894170000000031,"failureMessages":[],"meta":{}},{"ancestorTitles":["whatsappService","Configuration and Templates"],"fullName":"whatsappService Configuration and Templates should get message templates from Firestore","status":"passed","title":"should get message templates from Firestore","duration":0.3698749999999791,"failureMessages":[],"meta":{}},{"ancestorTitles":["whatsappService","Configuration and Templates"],"fullName":"whatsappService Configuration and Templates should return default templates","status":"passed","title":"should return default templates","duration":0.2875410000000329,"failureMessages":[],"meta":{}},{"ancestorTitles":["whatsappService","Formatting and Parsing"],"fullName":"whatsappService Formatting and Parsing should format handoff message","status":"passed","title":"should format handoff message","duration":0.43362500000000637,"failureMessages":[],"meta":{}},{"ancestorTitles":["whatsappService","Formatting and Parsing"],"fullName":"whatsappService Formatting and Parsing should parse and save manual shift message","status":"passed","title":"should parse and save manual shift message","duration":0.67512499999998,"failureMessages":[],"meta":{}}],"startTime":1769562371315,"endTime":1769562371321.675,"status":"passed","message":"","name":"/Users/danielopazodamiani/Downloads/HHR-entornoprueba enero 2026/src/tests/services/integrations/whatsapp/whatsappService.test.ts"},{"assertionResults":[{"ancestorTitles":["AuditStatsDashboard"],"fullName":"AuditStatsDashboard should render all stat cards with correct values","status":"passed","title":"should render all stat cards with correct values","duration":77.84408300000007,"failureMessages":[],"meta":{}},{"ancestorTitles":["AuditStatsDashboard"],"fullName":"AuditStatsDashboard should format avg session duration correctly","status":"passed","title":"should format avg session duration correctly","duration":13.587125000000015,"failureMessages":[],"meta":{}},{"ancestorTitles":["AuditStatsDashboard"],"fullName":"AuditStatsDashboard should handle zero stats gracefully","status":"passed","title":"should handle zero stats gracefully","duration":5.984458000000018,"failureMessages":[],"meta":{}},{"ancestorTitles":["AuditStatsDashboard"],"fullName":"AuditStatsDashboard should render action breakdown list","status":"passed","title":"should render action breakdown list","duration":11.365167000000042,"failureMessages":[],"meta":{}}],"startTime":1769562364655,"endTime":1769562364763.3652,"status":"passed","message":"","name":"/Users/danielopazodamiani/Downloads/HHR-entornoprueba enero 2026/src/tests/views/admin/components/audit/AuditStatsDashboard.test.tsx"},{"assertionResults":[{"ancestorTitles":["ConsolidationManager"],"fullName":"ConsolidationManager renders initial state correctly","status":"passed","title":"renders initial state correctly","duration":137.52883300000008,"failureMessages":[],"meta":{}},{"ancestorTitles":["ConsolidationManager"],"fullName":"ConsolidationManager handles preview flow correctly","status":"passed","title":"handles preview flow correctly","duration":43.302875000000085,"failureMessages":[],"meta":{}},{"ancestorTitles":["ConsolidationManager"],"fullName":"ConsolidationManager handles execution flow correctly","status":"passed","title":"handles execution flow correctly","duration":26.693708000000015,"failureMessages":[],"meta":{}},{"ancestorTitles":["ConsolidationManager"],"fullName":"ConsolidationManager handles errors during execution","status":"passed","title":"handles errors during execution","duration":25.73016700000005,"failureMessages":[],"meta":{}}],"startTime":1769562361787,"endTime":1769562362020.7302,"status":"passed","message":"","name":"/Users/danielopazodamiani/Downloads/HHR-entornoprueba enero 2026/src/tests/views/admin/components/audit/ConsolidationManager.test.tsx"}]}
